Sample	posterior	treeLikelihood	birthDeath	clockRate
0	-26652.535233646384	-26578.19337238617	-74.34186126021584	0.001
50000	-13729.462487323237	-13647.841670399102	-81.62081692413406	0.0035100859581905274
100000	-13732.370247751702	-13641.346391409406	-91.02385634229613	0.0012894795565016716
150000	-13734.737511634072	-13640.966658883131	-93.77085275093944	0.0010565589825336835
200000	-13745.6109496319	-13648.578086937538	-97.03286269436282	8.446395233423892E-4
250000	-13734.642919557144	-13640.980699493752	-93.66222006339284	0.0010411692076210863
300000	-13741.895841232921	-13644.915130771127	-96.98071046179304	8.617850266594272E-4
350000	-13729.852837329337	-13642.828129810654	-87.02470751868304	0.0018200527539336865
400000	-13733.69089740839	-13641.65417887317	-92.03671853522052	0.001208241004702635
450000	-13737.81521902663	-13642.764356035505	-95.05086299112614	9.416365834397066E-4
500000	-13736.595159815191	-13645.806072966065	-90.78908684912611	0.0012580424062493413
550000	-13738.851806334547	-13645.270038444954	-93.58176788959291	0.0010999528076028838
600000	-13740.850022152907	-13640.925621320388	-99.9244008325191	7.264070398384217E-4
650000	-13747.159841685643	-13651.97336091051	-95.18648077513396	9.548975977010836E-4
700000	-13742.51485644066	-13644.56197955233	-97.95287688832966	8.01366201726046E-4
750000	-13746.511486500012	-13644.57968737181	-101.93179912820246	6.894090170916055E-4
800000	-13736.495723263033	-13646.182784018314	-90.31293924471822	0.0013305110659747313
850000	-13750.127143309031	-13648.056934743738	-102.07020856529304	6.801102691970769E-4
900000	-13729.39840831794	-13640.234768885599	-89.16363943234148	0.0014594296250355098
950000	-13742.339105075	-13644.335853393131	-98.00325168186808	8.317632166410061E-4
1000000	-13740.739308615606	-13645.184946600275	-95.55436201533114	9.767962274637428E-4
1050000	-13732.649043652982	-13643.310339248348	-89.33870440463325	0.001466104323028302
1100000	-13733.575962479199	-13641.221840162258	-92.35412231694153	0.001151261799998098
1150000	-13734.98831453682	-13640.898551952565	-94.08976258425487	0.0010513307737293751
1200000	-13741.403092226967	-13644.253458016521	-97.14963421044476	8.953947637250964E-4
1250000	-13731.769652371706	-13641.446672621907	-90.32297974979846	0.0013490708523793613
1300000	-13741.038333448469	-13637.911311072761	-103.12702237570741	6.393091058923755E-4
1350000	-13734.746098032978	-13637.559910472202	-97.18618756077495	8.810193504270027E-4
1400000	-13738.275732685584	-13645.781900611193	-92.49383207439134	0.0012168355073181925
1450000	-13735.510116908674	-13645.052043117244	-90.45807379143018	0.0013091116715998503
1500000	-13743.73672881318	-13641.456868005134	-102.27986080804658	6.432888961690453E-4
1550000	-13740.793284382331	-13638.997260530865	-101.79602385146522	6.97686832113213E-4
1600000	-13741.75722563549	-13642.252449189966	-99.50477644552504	7.774503706714864E-4
1650000	-13743.359802559027	-13640.567218971828	-102.79258358719864	6.372119349876679E-4
1700000	-13732.555813416106	-13643.302214713016	-89.25359870308928	0.001440708432290214
1750000	-13741.005889350043	-13643.385536036585	-97.62035331345689	8.666524000839682E-4
1800000	-13734.678872718774	-13641.882376303718	-92.7964964150568	0.001111610323768797
1850000	-13744.273932870377	-13646.33101956091	-97.94291330946736	8.337465557467785E-4
1900000	-13735.035009415014	-13644.458566937205	-90.57644247780992	0.0013142500278513728
1950000	-13732.246746829876	-13641.479033930209	-90.7677128996671	0.0013244103981409586
2000000	-13755.786303832365	-13643.51617193188	-112.2701319004838	4.3869252335188984E-4
2050000	-13744.523153350474	-13640.33979014508	-104.18336320539328	6.061059166437843E-4
2100000	-13737.18028762771	-13641.54238239168	-95.63790523603062	9.74793324761351E-4
2150000	-13745.368713342927	-13646.348799803274	-99.01991353965164	7.572536415678508E-4
2200000	-13740.1485944479	-13641.827190880309	-98.32140356759255	8.212956448676621E-4
2250000	-13750.614259591026	-13650.388857817996	-100.22540177303081	7.236865544238188E-4
2300000	-13742.424412222128	-13644.834184650932	-97.59022757119517	8.601840517910335E-4
2350000	-13734.755173191275	-13639.861582420162	-94.89359077111287	0.0010062159466106885
2400000	-13743.213781848155	-13641.281014488273	-101.93276735988165	7.05591267714091E-4
2450000	-13733.789907310591	-13638.026459843099	-95.7634474674917	9.44960161643962E-4
2500000	-13741.170599798417	-13641.548865119496	-99.62173467892192	7.397683789827933E-4
2550000	-13738.632867924427	-13644.594536193472	-94.03833173095595	9.99531352078264E-4
2600000	-13746.490484075714	-13643.067535100188	-103.42294897552617	6.29659746558738E-4
2650000	-13748.525792387112	-13657.663107168722	-90.86268521838912	0.001288150911530252
2700000	-13748.39121283832	-13647.733873397623	-100.65733944069682	7.009344684403648E-4
2750000	-13734.922090651933	-13641.376700303206	-93.54539034872656	0.0010668580947239405
2800000	-13746.39625585231	-13640.538049163359	-105.85820668895211	5.672613424825018E-4
2850000	-13737.002390396528	-13637.296642064886	-99.70574833164262	7.675991191734919E-4
2900000	-13738.487010960815	-13643.833606278107	-94.65340468270766	0.0010179580908792215
2950000	-13737.451064295064	-13643.040970167962	-94.41009412710328	0.0010100967307575767
3000000	-13733.427275448059	-13647.439391837985	-85.98788361007458	0.002109048312925898
3050000	-13737.722394361246	-13641.724123455277	-95.99827090596997	9.337984232268212E-4
3100000	-13744.532037728655	-13645.500245057141	-99.03179267151344	7.973969870635318E-4
3150000	-13730.840810565896	-13644.360027290175	-86.48078327572102	0.0017682842772812736
3200000	-13750.506835477747	-13646.105555398472	-104.40128007927458	6.171359561460121E-4
3250000	-13744.109137599962	-13645.014475448039	-99.09466215192252	7.662235076453313E-4
3300000	-13748.976777488511	-13648.433194212541	-100.54358327596947	7.264127379640103E-4
3350000	-13748.104968298794	-13643.707617252616	-104.39735104617921	5.688513084505738E-4
3400000	-13740.433334292253	-13646.144334471646	-94.28899982060649	0.0010059404676763292
3450000	-13741.765670181523	-13643.698783186019	-98.06688699550426	8.304900125951306E-4
3500000	-13741.336518727758	-13640.09634341108	-101.24017531667695	6.994141151811549E-4
3550000	-13750.99338808252	-13646.340164685516	-104.6532233970036	5.8697161580952E-4
3600000	-13731.138330902084	-13639.086167206156	-92.05216369592763	0.0012420328356113211
3650000	-13746.2263746897	-13641.308628887164	-104.91774580253747	6.096476732995322E-4
3700000	-13759.281413214905	-13643.690791780195	-115.59062143470992	3.903833075889959E-4
3750000	-13737.376794449829	-13642.982453230203	-94.39434121962498	0.0010200591979927795
3800000	-13734.67264841352	-13641.679208122276	-92.99344029124427	0.0011577874067475679
3850000	-13737.243502923193	-13644.433383559493	-92.81011936369971	0.001148816784731386
3900000	-13750.207057552307	-13643.527956756578	-106.67910079572846	5.683382374113999E-4
3950000	-13738.89036705054	-13637.80553961951	-101.08482743103053	6.98336561363545E-4
4000000	-13738.76135919623	-13640.449395316948	-98.31196387928391	8.099672099141882E-4
4050000	-13736.882357182936	-13646.703972190251	-90.17838499268436	0.0013506196023346103
4100000	-13734.260621179357	-13644.573140520943	-89.68748065841434	0.001459828390358705
4150000	-13741.62869788864	-13643.175547520903	-98.45315036773651	7.751340823722894E-4
4200000	-13745.24618067762	-13650.113675680104	-95.13250499751557	0.0010099691933580426
4250000	-13729.34070895283	-13637.892539400724	-91.4481695521069	0.0012329260667021072
4300000	-13735.74181101968	-13647.672558941224	-88.06925207845663	0.001632346535329827
4350000	-13741.179233081724	-13644.880122638284	-96.29911044344004	9.191932618822806E-4
4400000	-13732.159915777807	-13642.483661797449	-89.67625398035894	0.00147965599009333
4450000	-13738.298822733106	-13643.42367553566	-94.87514719744647	9.685124089702941E-4
4500000	-13742.953420973805	-13646.106006215445	-96.84741475836022	8.699280652670907E-4
4550000	-13733.38893515547	-13638.79055685938	-94.59837829608946	0.0010106968585696778
4600000	-13735.79812342898	-13642.522118689232	-93.27600473974864	0.0010904570429264603
4650000	-13739.438424616004	-13645.888970695414	-93.5494539205905	0.0011296527966609255
4700000	-13740.615531862712	-13643.776221599011	-96.83931026370097	8.718639480938898E-4
4750000	-13733.328741730833	-13645.77381666059	-87.55492507024168	0.0016820179698924236
4800000	-13739.899259200727	-13643.27580930963	-96.62344989109583	9.042939067454235E-4
4850000	-13733.545655873151	-13642.370327057375	-91.17532881577617	0.0012487330559035508
4900000	-13730.441148140184	-13639.409555449893	-91.03159269029132	0.0012647082417443008
4950000	-13746.017853346948	-13644.723712680236	-101.29414066671161	7.23841635482662E-4
5000000	-13744.831783578686	-13647.422480169296	-97.40930340938992	8.210266024631337E-4
5050000	-13736.84682143692	-13644.85296481794	-91.99385661898043	0.0011904841922486776
5100000	-13739.734521198427	-13648.854444117045	-90.88007708138105	0.0013269545657152346
5150000	-13742.839061304921	-13645.324515732278	-97.5145455726433	8.71879133712977E-4
5200000	-13742.920200541055	-13642.215253997092	-100.70494654396353	7.161790783746246E-4
5250000	-13739.600859258637	-13647.824765394007	-91.77609386463061	0.0012726626913959786
5300000	-13743.639209830675	-13643.527626368394	-100.11158346228105	7.620702406980914E-4
5350000	-13741.761310924605	-13640.399828750957	-101.36148217364808	6.898264142560759E-4
5400000	-13735.99846305656	-13642.592002994017	-93.40646006254337	0.0010443645709598388
5450000	-13736.377462281009	-13644.45171347589	-91.92574880511917	0.0011886546892066298
5500000	-13745.884230395484	-13643.337634811045	-102.54659558443892	6.640655015261418E-4
5550000	-13745.34748657779	-13644.374284405976	-100.97320217181365	7.3340651175444E-4
5600000	-13740.567169543214	-13643.670905544506	-96.89626399870684	8.907665113181637E-4
5650000	-13741.073436009552	-13642.953530508883	-98.11990550066831	8.045455717467857E-4
5700000	-13749.990372319962	-13643.80135441036	-106.18901790960292	5.362819961148435E-4
5750000	-13744.668860649357	-13639.686563546264	-104.98229710309283	6.061416992591698E-4
5800000	-13740.895288926535	-13641.436197102437	-99.45909182409702	7.591454493360038E-4
5850000	-13741.333570489885	-13641.004312911526	-100.32925757836034	7.454239299840351E-4
5900000	-13744.148084449593	-13642.957190880634	-101.19089356895846	7.17333730745842E-4
5950000	-13743.8858802823	-13648.314390097188	-95.57149018511082	8.909808059451525E-4
6000000	-13751.012858972164	-13648.327146999482	-102.6857119726834	6.632210966199323E-4
6050000	-13738.48484430241	-13642.923436878733	-95.56140742367693	9.719227862531332E-4
6100000	-13736.227076407327	-13639.092272561218	-97.13480384610875	8.627934011059936E-4
6150000	-13735.0935710752	-13640.088342615438	-95.00522845976252	9.953240944830185E-4
6200000	-13740.372311966661	-13640.142794720585	-100.22951724607607	7.521083009662962E-4
6250000	-13731.366677699056	-13638.599634174327	-92.76704352472925	0.0011616551976011027
6300000	-13745.398140947413	-13649.872532244224	-95.52560870318858	9.497937466275088E-4
6350000	-13738.010530786973	-13643.07569225552	-94.93483853145275	9.693526378331183E-4
6400000	-13735.76817812474	-13639.61823158887	-96.14994653586997	9.083016830526266E-4
6450000	-13731.893037517359	-13640.071934831267	-91.82110268609163	0.0012275050246942068
6500000	-13746.603358115446	-13644.479009798977	-102.12434831646893	6.541223596060857E-4
6550000	-13730.923305000773	-13643.114112372801	-87.80919262797279	0.0016487440162909343
6600000	-13739.50216828501	-13643.283701205908	-96.21846707910187	9.299268175225054E-4
6650000	-13745.967181483937	-13643.546135491895	-102.42104599204222	6.944693021385641E-4
6700000	-13741.787909616038	-13642.161966377751	-99.62594323828627	7.767873817857445E-4
6750000	-13739.734655770915	-13642.82966518401	-96.90499058690449	8.870347437450675E-4
6800000	-13750.044481788826	-13642.666361710915	-107.37812007791075	5.412048616395704E-4
6850000	-13734.035255257462	-13643.036040008312	-90.99921524915085	0.0013150935927654275
6900000	-13739.115376912881	-13645.646886998858	-93.4684899140232	0.0010646809113678461
6950000	-13731.694958239363	-13637.633386761894	-94.06157147746787	0.001029495412802257
7000000	-13740.046418055366	-13640.164404063444	-99.88201399192275	7.495594634508045E-4
7050000	-13732.832229032463	-13639.37591078227	-93.45631825019352	0.0010810965893288062
7100000	-13745.017844033368	-13644.379691016336	-100.6381530170303	7.131047007480129E-4
7150000	-13735.1114358757	-13639.933853992987	-95.17758188271314	9.516835890231181E-4
7200000	-13749.050623681482	-13642.279085379914	-106.77153830156733	5.37257430942006E-4
7250000	-13734.423483651533	-13637.978253688665	-96.44522996286894	8.941466303096886E-4
7300000	-13731.709307789763	-13642.040949876131	-89.66835791363175	0.0013908563266367565
7350000	-13740.222482972089	-13647.52632379087	-92.69615918121885	0.0011347791541583359
7400000	-13742.978375883495	-13639.116703521635	-103.86167236186046	6.301470555607136E-4
7450000	-13747.042755536046	-13640.939192157119	-106.10356337892681	5.716028003871482E-4
7500000	-13734.978122556788	-13639.463331189057	-95.51479136772971	9.513984344575158E-4
7550000	-13742.90732071331	-13647.00860394018	-95.89871677313	9.232531450055213E-4
7600000	-13736.456811011723	-13641.129065731702	-95.32774528002035	9.57422509939656E-4
7650000	-13741.469110139678	-13643.457479786404	-98.01163035327386	8.196040362090861E-4
7700000	-13734.655242110115	-13640.051071176713	-94.60417093340264	0.0010071765905349025
7750000	-13741.747939834322	-13641.850135816916	-99.89780401740555	7.386619934421969E-4
7800000	-13742.09807841655	-13642.600445937975	-99.49763247857524	7.669594967393272E-4
7850000	-13743.344810669283	-13651.147586817875	-92.19722385140855	0.0011536956917419365
7900000	-13730.722359786947	-13640.381326992585	-90.3410327943618	0.0013382896623678796
7950000	-13730.786410649029	-13640.268302460221	-90.51810818880756	0.001291043193994814
8000000	-13745.27498881288	-13640.098875831665	-105.17611298121513	5.749030153881929E-4
8050000	-13740.082973071487	-13647.805080279286	-92.27789279220165	0.0011573890662280504
8100000	-13746.445995622522	-13643.145253318975	-103.30074230354762	6.318189949910268E-4
8150000	-13744.142662615966	-13645.678512540286	-98.46415007568037	8.109458777478205E-4
8200000	-13736.260164742653	-13644.897610197688	-91.36255454496539	0.0012632386108855993
8250000	-13740.4058311361	-13642.071338876296	-98.33449225980381	8.057864248434053E-4
8300000	-13733.940284456768	-13644.657622586856	-89.2826618699124	0.0014418718420457304
8350000	-13737.301417770945	-13638.414705970714	-98.8867118002309	7.915065912842244E-4
8400000	-13739.68180969195	-13647.330796653689	-92.35101303826146	0.001103746743646661
8450000	-13731.761351761608	-13638.447484391862	-93.31386736974676	0.0011071092139003078
8500000	-13738.199440478165	-13648.1307942675	-90.06864621066524	0.001371595788453112
8550000	-13731.49482663847	-13638.619926490503	-92.87490014796845	0.0011254682548694226
8600000	-13739.571630084225	-13646.927909021699	-92.64372106252583	0.0010909624195446878
8650000	-13740.941293048543	-13646.110368289617	-94.83092475892626	0.001019138868626584
8700000	-13740.776401781175	-13638.316498282378	-102.45990349879767	6.572542924829707E-4
8750000	-13733.862074124692	-13639.132296636622	-94.72977748806925	0.0010350694046927648
8800000	-13739.51463153195	-13643.047139204218	-96.46749232773271	9.055702915314617E-4
8850000	-13737.19812423512	-13640.093639309342	-97.10448492577842	8.895331368779145E-4
8900000	-13742.032630967058	-13644.082163780162	-97.95046718689667	7.919626806482327E-4
8950000	-13741.258932188917	-13648.480055799186	-92.7788763897324	0.0011389290251971225
9000000	-13758.270903728802	-13650.547652477222	-107.72325125158076	5.168085946510798E-4
9050000	-13749.991159187153	-13653.137291402654	-96.85386778449916	8.70303656702866E-4
9100000	-13732.21842021644	-13642.389303901788	-89.82911631465285	0.0014099112084900317
9150000	-13748.926688246758	-13644.093303948539	-104.83338429821887	5.884902896859984E-4
9200000	-13742.005551579095	-13645.027575390772	-96.97797618832375	8.402584284354075E-4
9250000	-13738.993872038496	-13644.11482864276	-94.8790433957362	9.62529032646543E-4
9300000	-13732.155786160818	-13639.943535359142	-92.21225080167555	0.001173261498659297
9350000	-13732.581096658188	-13640.211432431275	-92.36966422691242	0.0011607143829274523
9400000	-13732.22984115958	-13641.983252506241	-90.2465886533387	0.0013684801875451617
9450000	-13742.645862517176	-13639.196072228064	-103.44979028911224	6.491432845133978E-4
9500000	-13744.847251098266	-13639.77467498819	-105.0725761100762	5.877894814766244E-4
9550000	-13742.535917443734	-13647.619375685437	-94.91654175829673	0.0010244499672609078
9600000	-13752.867209815457	-13644.48190173281	-108.38530808264693	5.076445380624586E-4
9650000	-13730.539212024063	-13639.777205136084	-90.76200688797918	0.0012581317485671894
9700000	-13739.491716110379	-13642.101768708544	-97.38994740183517	8.728024917212208E-4
9750000	-13749.467932237061	-13638.742341104846	-110.72559113221509	4.8618375296170243E-4
9800000	-13733.422552810114	-13638.679107477476	-94.74344533263952	0.0010206205432187177
9850000	-13747.650670171613	-13642.987742433514	-104.66292773810045	5.851587735109609E-4
9900000	-13746.294213179615	-13645.73683703328	-100.5573761463346	7.452912249776543E-4
9950000	-13742.644452519327	-13648.194229291434	-94.45022322789394	9.783601557875254E-4
10000000	-13735.54475928292	-13647.763273640223	-87.78148564269777	0.0016649797966441999
10050000	-13748.118728261397	-13649.355549048578	-98.76317921282025	8.087536233396573E-4
10100000	-13740.570530319555	-13648.29172394926	-92.27880637029492	0.0011231797021264212
10150000	-13743.140017519707	-13645.906535520682	-97.23348199902541	8.779443623403515E-4
10200000	-13733.535173993347	-13639.086979936274	-94.44819405707398	0.001018807765400873
10250000	-13740.312377460265	-13638.805246886457	-101.5071305738066	6.841923181309992E-4
10300000	-13735.269728796586	-13646.715032434264	-88.55469636232102	0.0014304361590850238
10350000	-13736.81418586373	-13645.044440312786	-91.76974555094367	0.0012367077513982686
10400000	-13736.305528234838	-13638.435954412651	-97.8695738221871	8.673016332831282E-4
10450000	-13740.026219122763	-13644.15057400894	-95.87564511382311	8.876819500202252E-4
10500000	-13739.954636929919	-13646.098941001897	-93.85569592802196	0.0010220622421495454
10550000	-13741.053743638226	-13645.138760868418	-95.91498276980836	9.357406741072548E-4
10600000	-13735.09069264091	-13638.117544566983	-96.97314807392695	8.67450489465547E-4
10650000	-13751.709640042493	-13645.070632573406	-106.63900746908652	5.821992939582761E-4
10700000	-13739.374508047016	-13642.112652223777	-97.2618558232389	8.762693595215798E-4
10750000	-13733.528484548755	-13640.73780638665	-92.79067816210477	0.001136048560036349
10800000	-13754.547372006005	-13643.11186727139	-111.43550473461663	4.778806954831155E-4
10850000	-13756.91488250908	-13643.746131982462	-113.16875052661759	4.291599434358554E-4
10900000	-13736.061365523972	-13641.274237482432	-94.78712804153952	9.615627251049689E-4
10950000	-13734.183970979047	-13645.043850841254	-89.14012013779356	0.0014950183479145276
11000000	-13737.278466835322	-13641.986691613592	-95.29177522172833	9.44211351554336E-4
11050000	-13740.684340073192	-13643.794629045291	-96.88971102790079	8.640307392166695E-4
11100000	-13739.27148224788	-13638.686463092894	-100.58501915498569	7.093126756759258E-4
11150000	-13737.546236445369	-13643.881766097118	-93.66447034825116	9.991482106292593E-4
11200000	-13745.957549295972	-13641.899106283958	-104.05844301201518	6.204661428607721E-4
11250000	-13740.465566373137	-13648.313544556218	-92.15202181691805	0.0011475374432627454
11300000	-13739.899501167836	-13643.892444014691	-96.00705715314473	9.488943368934398E-4
11350000	-13730.148978756944	-13639.417048936984	-90.73192981995928	0.0012941491444695905
11400000	-13736.97135036962	-13642.370631330159	-94.60071903946113	0.0010399000712241332
11450000	-13741.753523405456	-13648.088572176342	-93.66495122911286	0.0011163288131041576
11500000	-13737.586689132486	-13639.435635647249	-98.15105348523639	7.951436015262473E-4
11550000	-13747.17628999354	-13643.433502879527	-103.74278711401433	6.453340020958627E-4
11600000	-13730.948756087506	-13644.057184446401	-86.89157164110536	0.0017421988159194775
11650000	-13740.360102971426	-13640.895519800304	-99.46458317112275	7.824329940803438E-4
11700000	-13736.07846612563	-13641.430428048094	-94.64803807753559	0.00101105016779854
11750000	-13742.258156332531	-13642.230397466868	-100.02775886566351	7.474861866011404E-4
11800000	-13727.756586303585	-13639.038725248289	-88.71786105529686	0.0015510335974629496
11850000	-13748.02714473396	-13645.470621340377	-102.5565233935828	6.678347272087114E-4
11900000	-13745.437964578145	-13646.852885679185	-98.58507889895863	7.982690949476051E-4
11950000	-13740.07587036171	-13641.841785387494	-98.23408497421667	8.161913814038472E-4
12000000	-13740.635562851641	-13645.060153231036	-95.57540962060517	9.297760789070143E-4
12050000	-13737.945684244492	-13641.30986456474	-96.63581967975252	8.898426027300697E-4
12100000	-13738.488838643647	-13643.49237766115	-94.99646098249701	9.917248261026447E-4
12150000	-13737.9084319671	-13647.811308357208	-90.0971236098916	0.0014844684979999025
12200000	-13743.872413404173	-13646.122585551617	-97.74982785255706	8.394166663220097E-4
12250000	-13740.68616752798	-13647.445929753987	-93.24023777399185	0.0010398012457097858
12300000	-13735.150273684741	-13639.718826930086	-95.4314467546553	9.247444207077841E-4
12350000	-13740.136089532616	-13640.85012877823	-99.28596075438779	7.628794337910457E-4
12400000	-13739.235975140242	-13641.208638158996	-98.02733698124496	8.405414363709553E-4
12450000	-13736.885056840254	-13643.360280491179	-93.5247763490745	0.0010259480630306996
12500000	-13748.56008984663	-13653.804313117647	-94.75577672898166	9.944263840364863E-4
12550000	-13757.677289897229	-13655.052970697858	-102.62431919937025	6.883504604492137E-4
12600000	-13746.388048846404	-13645.425090389006	-100.96295845739695	7.043588657797453E-4
12650000	-13748.150698627114	-13648.37430979867	-99.77638882844462	7.152343078542992E-4
12700000	-13740.746168368016	-13643.393631700314	-97.35253666770296	8.204133115237945E-4
12750000	-13737.6513833173	-13642.384977372265	-95.26640594503431	9.391720277775395E-4
12800000	-13739.453890458213	-13644.415451132782	-95.03843932543218	0.0010044576130137156
12850000	-13750.001626379631	-13652.052358171091	-97.9492682085402	7.91858474005063E-4
12900000	-13733.943012411424	-13642.13148386385	-91.81152854757472	0.001157810848190408
12950000	-13748.641229362804	-13646.919669805597	-101.72155955720632	7.145286110856273E-4
13000000	-13740.374557391398	-13642.949234160016	-97.42532323138248	8.350936344059376E-4
13050000	-13741.599573435306	-13642.303803508586	-99.29576992671844	7.756001155467463E-4
13100000	-13747.363571751685	-13646.036225258524	-101.32734649316004	6.846482800957249E-4
13150000	-13738.99270232297	-13643.811341611305	-95.18136071166494	9.193910875090301E-4
13200000	-13732.854003103568	-13640.589566435008	-92.26443666855917	0.00117624863992032
13250000	-13734.346853155837	-13642.603039773207	-91.74381338263115	0.0012125755908996196
13300000	-13739.993001311988	-13643.627857616972	-96.36514369501668	9.064604340482938E-4
13350000	-13736.878391020387	-13643.958185849007	-92.92020517137978	0.0010682064293314098
13400000	-13753.998562065697	-13654.262308412746	-99.73625365295075	7.054088210810756E-4
13450000	-13739.701898140778	-13642.301078028215	-97.40082011256348	8.386631347131849E-4
13500000	-13741.157973402966	-13643.832483118373	-97.32549028459377	8.285499946690415E-4
13550000	-13741.434057297907	-13641.966257930575	-99.46779936733228	7.613752686683258E-4
13600000	-13741.236335178673	-13640.794067062821	-100.44226811585224	7.259541038469118E-4
13650000	-13732.680413624003	-13642.654347019792	-90.02606660420984	0.0013687862749545573
13700000	-13734.350936482795	-13642.711266697059	-91.63966978573568	0.0012131227787391603
13750000	-13753.388362604392	-13649.480078800001	-103.90828380439113	5.819534031643356E-4
13800000	-13739.129757119614	-13642.449520877675	-96.6802362419376	8.891221169937553E-4
13850000	-13747.369927043508	-13641.4316901196	-105.93823692390846	5.722711793048904E-4
13900000	-13742.757777685278	-13639.319918672103	-103.43785901317486	6.177410364641459E-4
13950000	-13739.716198617396	-13641.851103207175	-97.86509541022049	8.062886101423642E-4
14000000	-13735.115443678615	-13641.182159422202	-93.93328425641327	0.0010929747274679121
14050000	-13746.573946169236	-13641.94313976092	-104.63080640831429	5.887510347064763E-4
14100000	-13731.69376189449	-13639.66340430173	-92.03035759276051	0.0011671699177366987
14150000	-13746.595527036776	-13641.901505900529	-104.69402113624629	6.04102088543251E-4
14200000	-13732.818195407077	-13644.663068554331	-88.15512685274584	0.0015792481540392118
14250000	-13741.412614816945	-13642.841669244383	-98.57094557256319	7.961286147042398E-4
14300000	-13729.620150694134	-13638.605807342336	-91.01434335179925	0.0012559334904658362
14350000	-13735.419406932087	-13643.380176024408	-92.03923090767961	0.0011965016284328767
14400000	-13743.167508636481	-13642.212527652173	-100.95498098430842	7.102500886037397E-4
14450000	-13727.865762737532	-13638.947325447427	-88.91843729010503	0.001473386076806562
14500000	-13741.104813823426	-13639.799718980245	-101.3050948431805	7.09999113344406E-4
14550000	-13738.468187151782	-13639.287634679682	-99.18055247209952	7.886002660683391E-4
14600000	-13745.956287985357	-13645.939176368902	-100.01711161645483	7.616970856326259E-4
14650000	-13730.78896523273	-13639.69487627905	-91.09408895367967	0.0012605347963193687
14700000	-13738.635456969509	-13640.62808571306	-98.00737125644864	8.702211561707754E-4
14750000	-13746.552780604932	-13642.697658979194	-103.85512162573797	6.1352824399797E-4
14800000	-13740.722002599861	-13647.619715610022	-93.10228698983966	0.0011448885300819546
14850000	-13738.277139729642	-13650.978639464201	-87.29850026543954	0.0015985433163828312
14900000	-13732.415843430665	-13641.634797811505	-90.78104561916007	0.0013130739604515428
14950000	-13737.226201776946	-13643.071459433733	-94.15474234321296	0.0010223354638793842
15000000	-13751.36982038897	-13642.649223947154	-108.72059644181739	5.080198976457023E-4
15050000	-13734.599211962894	-13638.392487025454	-96.20672493744019	8.966727164790224E-4
15100000	-13738.117784647982	-13642.362955193237	-95.75482945474552	9.328728899249279E-4
15150000	-13735.33839505247	-13641.672343146867	-93.66605190560149	0.0010484859251255973
15200000	-13758.050298763828	-13643.892050153128	-114.15824861070053	4.250010400340055E-4
15250000	-13741.14030521554	-13642.96720630553	-98.17309891000974	8.10050940335404E-4
15300000	-13740.273937432	-13641.13334790821	-99.14058952379116	7.732211121133219E-4
15350000	-13733.221487396671	-13641.047788457632	-92.17369893903944	0.0011321383413189464
15400000	-13741.22081817389	-13642.995972944911	-98.22484522897923	8.34674995299834E-4
15450000	-13731.539053382092	-13643.224282904828	-88.31477047726378	0.001574141554119247
15500000	-13739.497042904206	-13637.510817666916	-101.9862252372904	6.798505482940494E-4
15550000	-13741.20746862044	-13639.471077720067	-101.73639090037254	6.583648568303939E-4
15600000	-13739.059063796489	-13644.320922789895	-94.73814100659453	9.632041333028446E-4
15650000	-13743.578194579297	-13646.944389158083	-96.63380542121322	8.428472771303113E-4
15700000	-13733.476462224295	-13638.164668628007	-95.31179359628763	9.421419717986846E-4
15750000	-13746.94976674625	-13642.110374655433	-104.83939209081743	5.729232031235648E-4
15800000	-13734.471861052545	-13642.386611026268	-92.08525002627688	0.0011818970470357892
15850000	-13736.389213859831	-13642.086600088694	-94.30261377113663	9.96342642439577E-4
15900000	-13742.954561011498	-13644.159846304277	-98.79471470722095	8.248435308689022E-4
15950000	-13740.274760401848	-13648.179975451278	-92.09478495057064	0.0011969383153771832
16000000	-13748.669468535432	-13646.881585094017	-101.78788344141566	6.960345348541437E-4
16050000	-13738.78835369086	-13646.188320167968	-92.60003352289168	0.001120478146840579
16100000	-13736.818310762319	-13639.641759096347	-97.17655166597231	8.626739274016511E-4
16150000	-13741.4801523017	-13642.275065078487	-99.20508722321294	7.51919448664605E-4
16200000	-13734.762260865748	-13640.95287998135	-93.80938088439748	0.0010550267915413688
16250000	-13734.37774293194	-13639.575378444595	-94.80236448734472	9.715418177626006E-4
16300000	-13734.131434392431	-13641.983142452978	-92.14829193945329	0.0011829234099868602
16350000	-13743.470499825866	-13645.60240698767	-97.86809283819643	8.362155942106415E-4
16400000	-13744.218783478787	-13641.720955116525	-102.49782836226258	6.749920957819658E-4
16450000	-13746.190043764562	-13647.055973318662	-99.13407044589943	7.57744163408846E-4
16500000	-13739.166028222859	-13640.918187606181	-98.24784061667678	8.208356444868436E-4
16550000	-13732.326679309388	-13641.132380757223	-91.19429855216633	0.001262315145007956
16600000	-13736.625030425123	-13643.540351559477	-93.084678865646	0.0010972502450610484
16650000	-13740.971681586754	-13640.2420695445	-100.72961204225453	7.138126358012634E-4
16700000	-13739.019571904772	-13643.259753037468	-95.7598188673028	9.257023812820242E-4
16750000	-13736.523197193697	-13644.271717490214	-92.25147970348434	0.001232481289449193
16800000	-13730.893469883411	-13641.983256946967	-88.91021293644324	0.0014890731674680696
16850000	-13740.982138597928	-13641.20846379533	-99.77367480259772	7.543294187897493E-4
16900000	-13737.98739577247	-13647.047665708753	-90.93973006371695	0.0012480505381484194
16950000	-13740.842131014479	-13640.465059521011	-100.37707149346654	7.478037149274091E-4
17000000	-13737.385162044518	-13640.281062425347	-97.10409961917168	8.657617085428713E-4
17050000	-13751.370449340731	-13640.388433729613	-110.98201561111833	4.6710180319060575E-4
17100000	-13729.564329795163	-13637.522686346392	-92.04164344877093	0.0011687676388603256
17150000	-13745.424734659502	-13645.499141479495	-99.9255931800071	7.421453542827525E-4
17200000	-13742.43668116387	-13641.151129794793	-101.28555136907724	6.736771422763534E-4
17250000	-13741.8773699748	-13644.435537784542	-97.44183219025678	8.767728326351099E-4
17300000	-13735.318144943842	-13640.388375155133	-94.92976978870824	9.958586233059098E-4
17350000	-13743.509106697376	-13646.828637672985	-96.68046902439099	8.705423026905641E-4
17400000	-13743.301380864139	-13650.659362039809	-92.64201882432958	0.0010637250897055654
17450000	-13747.506660877882	-13647.359942174251	-100.14671870363095	7.388904570138778E-4
17500000	-13740.260303806443	-13641.945328521804	-98.3149752846391	8.590578146425911E-4
17550000	-13742.949824671407	-13646.3279148059	-96.6219098655074	8.38687382348793E-4
17600000	-13738.667737830221	-13647.910748958255	-90.75698887196596	0.0012489400699444554
17650000	-13730.66846014735	-13638.832639869754	-91.83582027759641	0.0012277835168094246
17700000	-13734.591984717266	-13642.60513716002	-91.98684755724551	0.0012603927045150706
17750000	-13747.635908316446	-13642.617005414744	-105.01890290170174	5.79920718284518E-4
17800000	-13744.801237501153	-13647.374069831758	-97.4271676693951	8.728654413846469E-4
17850000	-13735.041918628094	-13641.224392734719	-93.81752589337506	0.0010554483236675622
17900000	-13745.998570433268	-13643.388062478165	-102.61050795510262	6.516186543497409E-4
17950000	-13738.841740915104	-13642.399104145758	-96.44263676934752	8.763762299714073E-4
18000000	-13756.590872935702	-13644.198627926688	-112.39224500901446	4.571239991200845E-4
18050000	-13750.30840231803	-13637.882208153067	-112.42619416496338	4.415178759089799E-4
18100000	-13732.71722041372	-13641.474308006116	-91.2429124076051	0.0012172361630428227
18150000	-13741.561164427476	-13642.602739679698	-98.95842474777871	7.905710174891975E-4
18200000	-13746.062003318433	-13646.551974991868	-99.5100283265657	7.293381266967393E-4
18250000	-13740.070747746642	-13641.886539792884	-98.18420795375908	7.840668866867223E-4
18300000	-13744.737284708395	-13647.171992940921	-97.56529176747462	8.162975480802482E-4
18350000	-13737.527660614049	-13638.780579445247	-98.74708116880119	7.915405091947324E-4
18400000	-13739.40972452388	-13643.784687539383	-95.62503698449885	9.356804592314904E-4
18450000	-13759.82332288199	-13649.79209600627	-110.03122687571981	4.64675236866972E-4
18500000	-13743.867336682306	-13647.844745051516	-96.02259163078925	9.104349278654187E-4
18550000	-13747.878544222052	-13651.801851755576	-96.07669246647598	8.628659393204353E-4
18600000	-13737.209467426357	-13639.563216725985	-97.6462507003726	8.48191175798052E-4
18650000	-13736.033438957313	-13639.219813262955	-96.81362569435777	8.870377403931057E-4
18700000	-13738.178514104404	-13647.66016843901	-90.51834566539347	0.0013565100156544354
18750000	-13748.300978140287	-13648.858689381015	-99.44228875927102	7.274131835431263E-4
18800000	-13740.803844371365	-13648.225691981064	-92.57815239030035	0.00117234219931218
18850000	-13737.6936925889	-13641.582742848854	-96.1109497400461	9.04265310874986E-4
18900000	-13743.664860638022	-13638.84613689087	-104.81872374715216	6.225458595324657E-4
18950000	-13740.7117009309	-13639.812237347138	-100.89946358376274	7.131048474677537E-4
19000000	-13744.818012769814	-13643.196740940497	-101.62127182931816	6.844011493964944E-4
19050000	-13737.267498313435	-13639.551049675878	-97.71644863755623	8.427174933391921E-4
19100000	-13735.195024407636	-13647.799669750182	-87.39535465745476	0.001700258990551652
19150000	-13753.766894073478	-13649.287232745502	-104.47966132797633	5.985277078530618E-4
19200000	-13751.708860906128	-13642.325159132986	-109.38370177314154	4.812727765592964E-4
19250000	-13733.639050113256	-13641.780115820833	-91.8589342924227	0.0012112642125919925
19300000	-13743.218076441657	-13644.974776572362	-98.24329986929541	8.688644218700283E-4
19350000	-13738.727140011619	-13643.583424163055	-95.1437158485642	9.805558323758166E-4
19400000	-13745.814260887288	-13647.044931419723	-98.76932946756392	7.597467693831769E-4
19450000	-13732.309257360652	-13638.149448802164	-94.15980855848768	0.0010423094781975102
19500000	-13738.294050251712	-13646.641047018373	-91.65300323333989	0.0012104806713232569
19550000	-13737.90024713833	-13643.315386294724	-94.58486084360645	0.001029160778766475
19600000	-13733.896743327747	-13640.763104757652	-93.13363857009351	0.0010933940270149464
19650000	-13736.52208964411	-13643.130988506036	-93.39110113807331	0.0010652187051165445
19700000	-13737.855216317326	-13641.471811549234	-96.3834047680912	8.698511378686828E-4
19750000	-13744.60014432331	-13646.768261260986	-97.83188306232448	8.490559377876156E-4
19800000	-13742.484081658486	-13644.207463995428	-98.27661766305809	7.96238422870736E-4
19850000	-13737.706005327334	-13640.046950133452	-97.65905519388309	8.322212963813388E-4
19900000	-13735.382552190924	-13642.53695476206	-92.84559742886464	0.0010960945850482118
19950000	-13739.180127692909	-13639.790924637115	-99.38920305579536	7.687399452455648E-4
20000000	-13733.206667226093	-13642.689380623466	-90.51728660262836	0.001300365138146917
20050000	-13736.955985312083	-13645.028013104002	-91.9279722080805	0.001190671667687202
20100000	-13743.161746551368	-13643.704542540561	-99.4572040108066	7.348272831398761E-4
20150000	-13745.461824710772	-13643.713950932002	-101.7478737787699	6.78385880899313E-4
20200000	-13735.408686406729	-13641.942194486357	-93.46649192037135	0.0011179680833184004
20250000	-13732.473360933074	-13640.647852499062	-91.82550843401339	0.0011850222534005117
20300000	-13741.372338810646	-13648.572502357787	-92.79983645285961	0.0010426817559108603
20350000	-13744.837687660516	-13646.235950960627	-98.60173669988856	7.789870296956602E-4
20400000	-13744.447367647415	-13644.135555015042	-100.31181263237316	7.487062496684397E-4
20450000	-13747.35882793215	-13645.844309745082	-101.51451818706886	6.953927322304345E-4
20500000	-13735.667282084376	-13642.731274555768	-92.93600752860677	0.0010878305941594705
20550000	-13735.892115913051	-13639.471254590197	-96.42086132285469	8.898937525874742E-4
20600000	-13742.504978732377	-13644.294590586169	-98.21038814620718	7.959886307400572E-4
20650000	-13743.732631039637	-13641.752206476333	-101.98042456330468	6.748879744697535E-4
20700000	-13736.076656553478	-13638.40058443348	-97.67607211999686	8.318316135005762E-4
20750000	-13738.175521473528	-13643.62773661418	-94.54778485934808	9.893575141198003E-4
20800000	-13738.62479638861	-13642.835158506521	-95.78963788208887	8.970161670255704E-4
20850000	-13744.893220352442	-13652.570073255025	-92.32314709741608	0.0011313766033545676
20900000	-13756.310031715517	-13642.707996316245	-113.60203539927225	4.405989368128812E-4
20950000	-13762.429410060715	-13648.500347941585	-113.92906211913066	4.24171570811441E-4
21000000	-13733.123946077681	-13645.011570101586	-88.1123759760956	0.0016401652341476835
21050000	-13733.045190599405	-13642.673181221006	-90.37200937839967	0.001330931653162303
21100000	-13748.11852749153	-13647.03670281563	-101.08182467589951	6.860203421806526E-4
21150000	-13756.30862448136	-13648.79751598779	-107.51110849357133	5.347383469778286E-4
21200000	-13747.780683098417	-13646.616611286303	-101.16407181211412	7.113211650376526E-4
21250000	-13733.377563093436	-13638.46937428834	-94.9081888050965	0.0010069873228805946
21300000	-13730.208136932899	-13641.006262341798	-89.20187459110174	0.001423818188730114
21350000	-13742.166026229901	-13643.68843715085	-98.47758907905168	7.970014197579312E-4
21400000	-13757.173634515671	-13644.90256326892	-112.2710712467509	4.435935917954892E-4
21450000	-13751.365938311752	-13646.347955717569	-105.01798259418358	5.708023250280265E-4
21500000	-13743.279469909063	-13638.142853965886	-105.13661594317624	5.720707668821964E-4
21550000	-13742.629680758064	-13643.085928894448	-99.54375186361487	7.540039813695047E-4
21600000	-13730.924430835095	-13639.627757499306	-91.29667333578907	0.0012885644778206774
21650000	-13735.108661802291	-13646.39380464446	-88.71485715783173	0.0015144248040402204
21700000	-13732.858163762856	-13639.717225039394	-93.14093872346156	0.0011040437264590532
21750000	-13742.597380210527	-13642.408852343826	-100.18852786670054	7.425378776848148E-4
21800000	-13739.96079523301	-13645.53119386255	-94.42960137046069	9.916486484413689E-4
21850000	-13753.673910159663	-13647.831616592872	-105.84229356679153	5.765025956488134E-4
21900000	-13729.121056954957	-13639.511123025983	-89.60993392897485	0.0014154809923176354
21950000	-13729.233290210474	-13638.02031050038	-91.21297971009254	0.001276385364314804
22000000	-13734.749690088349	-13640.854126245678	-93.89556384267038	0.0010539219198217663
22050000	-13742.932397426197	-13643.863184646532	-99.06921277966501	7.844975408670124E-4
22100000	-13749.636908602304	-13647.156631134194	-102.48027746811046	6.581590000085976E-4
22150000	-13752.672828470932	-13652.936382660127	-99.73644581080416	7.381238922307306E-4
22200000	-13741.350258675902	-13643.495556477004	-97.85470219889832	8.307290106758989E-4
22250000	-13738.494137462189	-13643.937863216102	-94.55627424608684	0.0010059611231307932
22300000	-13735.40953236923	-13639.325758198896	-96.08377417033519	8.935227494201123E-4
22350000	-13749.161569174961	-13645.134043197542	-104.02752597741852	6.264447582958229E-4
22400000	-13743.51140933404	-13641.130510103678	-102.38089923036122	6.571188148107431E-4
22450000	-13748.980444496587	-13641.588578321354	-107.3918661752321	5.398592585613535E-4
22500000	-13744.800033349742	-13644.882084073055	-99.91794927668732	7.542298673936648E-4
22550000	-13737.979544060421	-13643.515517531672	-94.46402652874912	0.001018408494381699
22600000	-13733.287495327593	-13641.18679974698	-92.10069558061386	0.001144276839236815
22650000	-13739.99098536645	-13644.284991192582	-95.7059941738676	9.539570717664914E-4
22700000	-13742.383335514172	-13641.42208109191	-100.96125442226271	7.194060539289079E-4
22750000	-13730.15853778668	-13640.416975828304	-89.74156195837477	0.0013687970812497233
22800000	-13745.118122207601	-13644.202920179048	-100.91520202855358	6.978312201515143E-4
22850000	-13735.751063719024	-13643.405186761722	-92.34587695730202	0.0011506637041210255
22900000	-13744.3077658256	-13650.150892705555	-94.15687312004668	0.0010280806432236703
22950000	-13741.18087213446	-13639.75608543251	-101.42478670195077	6.842274496372091E-4
23000000	-13746.155577639385	-13647.654189910074	-98.50138772931197	7.784664490245038E-4
23050000	-13736.759179945266	-13641.390138591532	-95.36904135373389	9.721856804400465E-4
23100000	-13739.378973661174	-13641.041417460043	-98.33755620113142	8.139654978238082E-4
23150000	-13755.441459832125	-13657.623764872125	-97.81769495999977	7.714055610295118E-4
23200000	-13741.291825580262	-13649.695324454704	-91.5965011255584	0.001199687991858681
23250000	-13748.781751651646	-13644.603657217527	-104.1780944341192	6.294065553154893E-4
23300000	-13745.334302866733	-13642.977698977425	-102.35660388930748	6.761958676530068E-4
23350000	-13751.219732880585	-13645.663878966006	-105.55585391457842	5.638934735616675E-4
23400000	-13743.305274116521	-13643.335158452799	-99.97011566372242	7.26162355426454E-4
23450000	-13736.687154267842	-13639.260877225595	-97.42627704224604	8.487760119947898E-4
23500000	-13749.202696073902	-13640.648212137547	-108.55448393635591	4.7909534617505403E-4
23550000	-13746.507271609857	-13642.7084720011	-103.79879960875674	6.332633057537274E-4
23600000	-13740.351386809607	-13639.702190371609	-100.6491964379975	7.345195801747048E-4
23650000	-13750.348319171611	-13647.033918418743	-103.31440075286818	6.28545791484444E-4
23700000	-13737.785701276112	-13639.390330522156	-98.39537075395599	7.902538794881872E-4
23750000	-13742.277485508159	-13646.81417462634	-95.46331088181736	9.926944648222104E-4
23800000	-13729.391072187058	-13641.43540363797	-87.95566854908866	0.0016159705453708255
23850000	-13740.899039924603	-13645.821265235605	-95.07777468899843	9.458101019468309E-4
23900000	-13739.630372222613	-13643.10279368187	-96.52757854074308	9.458655775107199E-4
23950000	-13739.015085759103	-13640.75464135174	-98.26044440736484	8.237471211718224E-4
24000000	-13729.805555118	-13643.257978075459	-86.54757704254276	0.0019053251347528782
24050000	-13750.374183420208	-13647.117263841808	-103.25691957840017	6.635441039876354E-4
24100000	-13739.536323472968	-13639.681955324559	-99.85436814840888	7.539203720581981E-4
24150000	-13738.065110690331	-13640.92584281124	-97.13926787909162	8.686808888452067E-4
24200000	-13740.715525796018	-13642.631018822918	-98.0845069731002	8.062610062432066E-4
24250000	-13746.294700467912	-13643.54450117634	-102.75019929157119	6.479288237775506E-4
24300000	-13737.846766076964	-13639.409000187592	-98.43776588937153	8.102970201250058E-4
24350000	-13734.228835562477	-13641.880478264886	-92.34835729759166	0.0011413651500392405
24400000	-13741.273433462668	-13643.416597686813	-97.85683577585345	7.795978382377822E-4
24450000	-13741.240223452158	-13642.20502817553	-99.0351952766289	7.986292840742541E-4
24500000	-13747.90006647493	-13642.711188297419	-105.18887817751092	5.687202752083326E-4
24550000	-13736.086566807682	-13640.372048765212	-95.7145180424705	9.584223142251725E-4
24600000	-13739.596159320025	-13641.341110266754	-98.25504905327051	7.722978274077274E-4
24650000	-13735.065915215788	-13643.877539710924	-91.1883755048643	0.0013332714591806915
24700000	-13736.49321789091	-13640.95932844905	-95.53388944185927	9.432275402359793E-4
24750000	-13735.343397287068	-13642.104622724875	-93.23877456219327	0.0010630638667839497
24800000	-13753.159991663999	-13649.89666589678	-103.26332576721781	6.040738181674569E-4
24850000	-13739.924041613149	-13639.260214514528	-100.66382709862032	7.109583867703774E-4
24900000	-13743.779260340067	-13646.884843894079	-96.89441644598875	8.587250637694261E-4
24950000	-13746.404448114623	-13646.18030995172	-100.22413816290342	7.475459623014541E-4
25000000	-13733.54632730104	-13639.749149377882	-93.79717792315691	0.0010533617049671112
25050000	-13739.667452965337	-13639.996262573168	-99.67119039216918	7.541619230605908E-4
25100000	-13756.688051152736	-13647.71478426325	-108.97326688948594	5.026863687749663E-4
25150000	-13744.553903137663	-13647.358799176225	-97.19510396143718	8.662770436179737E-4
25200000	-13738.349248214043	-13641.316297578742	-97.03295063530166	8.762481874459507E-4
25250000	-13737.508311380749	-13644.873755143833	-92.63455623691527	0.0011941994045103666
25300000	-13751.080122559484	-13651.613322214867	-99.46680034461654	7.237844969926257E-4
25350000	-13740.01946670902	-13640.961696365106	-99.05777034391404	7.824273966655418E-4
25400000	-13734.484877242416	-13642.327887352465	-92.15698988995058	0.0012155788069187104
25450000	-13746.976179368356	-13642.163783188951	-104.81239617940525	5.946822973856519E-4
25500000	-13745.982365295802	-13645.52321732684	-100.4591479689624	6.983958789349424E-4
25550000	-13739.868946506278	-13644.03257145283	-95.8363750534474	9.113379241139866E-4
25600000	-13750.685175922645	-13644.396086207771	-106.28908971487351	5.623450164909066E-4
25650000	-13741.333468851037	-13641.635169632456	-99.69829921858124	7.270545515409401E-4
25700000	-13741.356210630662	-13642.515573657238	-98.84063697342305	7.763027059316364E-4
25750000	-13739.013379806376	-13642.871983493347	-96.14139631302875	9.026979306297396E-4
25800000	-13740.362374531689	-13646.640970562976	-93.72140396871296	0.001103189715103816
25850000	-13734.916805108296	-13641.224466255246	-93.69233885304983	0.0010702212076945175
25900000	-13747.43437125393	-13644.118165275519	-103.31620597841169	6.522634748916661E-4
25950000	-13739.448501223627	-13642.607522520559	-96.84097870306805	8.640859648941417E-4
26000000	-13742.931941721565	-13641.359729327256	-101.57221239430885	6.776523725822864E-4
26050000	-13745.835724229382	-13646.090183435124	-99.74554079425863	7.599651832041778E-4
26100000	-13735.041694830532	-13645.007978173675	-90.0337166568566	0.0013776863602941761
26150000	-13732.553693289106	-13644.142606548738	-88.41108674036866	0.0016528149881709843
26200000	-13738.88726521408	-13642.781828289679	-96.1054369244004	9.156967211589947E-4
26250000	-13750.388185093143	-13645.695707325436	-104.69247776770611	5.946911467527307E-4
26300000	-13735.97570958796	-13643.24216418674	-92.73354540121885	0.0011315702619361396
26350000	-13743.31365779374	-13645.238667624319	-98.07499016942226	8.252883081519148E-4
26400000	-13735.660303437067	-13637.09504837105	-98.56525506601805	8.057956492176139E-4
26450000	-13738.416155459618	-13641.161508718373	-97.2546467412448	8.489472693553001E-4
26500000	-13746.270217548785	-13647.349070511305	-98.92114703747896	7.65274082233122E-4
26550000	-13734.775450540428	-13642.964308546876	-91.81114199355274	0.001224759873944873
26600000	-13743.255037532883	-13644.127421875557	-99.12761565732568	7.86735323816279E-4
26650000	-13743.691627619974	-13642.039942645719	-101.65168497425398	6.945203744769448E-4
26700000	-13752.71606920409	-13647.848347510866	-104.8677216932238	6.069665287098649E-4
26750000	-13745.092348865695	-13644.046950829284	-101.04539803641032	7.029827502712553E-4
26800000	-13743.116254353185	-13639.133751175255	-103.98250317792952	6.344906470753316E-4
26850000	-13748.990282880039	-13641.85898256745	-107.13130031258889	5.380873544535165E-4
26900000	-13733.035033211609	-13638.033855151245	-95.00117806036343	9.829603200256925E-4
26950000	-13736.285300279256	-13642.25582486529	-94.02947541396655	0.0010184450571213317
27000000	-13737.932678066441	-13642.184022418378	-95.74865564806431	9.386273335236157E-4
27050000	-13729.029912427623	-13640.284114598213	-88.74579782940936	0.0015194096893951384
27100000	-13748.949817686493	-13648.99239252907	-99.95742515742225	7.398163289910184E-4
27150000	-13746.616001145567	-13649.064349970848	-97.55165117471964	8.509821313836091E-4
27200000	-13751.327063686485	-13647.068822643852	-104.2582410426333	6.123119456763527E-4
27250000	-13735.102378625812	-13638.772391304106	-96.32998732170536	8.869212532490296E-4
27300000	-13732.640151160582	-13639.449082650364	-93.19106851021732	0.0011173868611376175
27350000	-13739.118146203942	-13639.672768868775	-99.44537733516721	7.681261662570702E-4
27400000	-13749.012536127819	-13643.66767480928	-105.34486131853856	5.833637601477277E-4
27450000	-13730.893952309325	-13643.656010398838	-87.23794191048736	0.0017603573707447682
27500000	-13741.216783446362	-13642.232092516311	-98.98469093005102	8.161576765360698E-4
27550000	-13734.44441214589	-13641.614060576247	-92.83035156964274	0.0011266097171494195
27600000	-13741.52351733187	-13640.060647245256	-101.46287008661406	6.934672984579274E-4
27650000	-13748.80105449786	-13642.306895813857	-106.49415868400317	5.473158117721568E-4
27700000	-13737.652314475852	-13642.552685265466	-95.09962921038687	9.518051629866819E-4
27750000	-13736.085782663044	-13643.271471986533	-92.81431067651017	0.001102415760338715
27800000	-13737.3242010116	-13645.13795489497	-92.18624611662955	0.0011788071385425087
27850000	-13737.69725310495	-13644.492873220224	-93.20437988472693	0.0011092264233511283
27900000	-13730.922436917303	-13639.92106610514	-91.00137081216154	0.0012731628035371346
27950000	-13730.288920110746	-13640.797318971567	-89.49160113917951	0.0015323747605798463
28000000	-13740.47086333874	-13645.49758966034	-94.97327367840046	9.835574198625398E-4
28050000	-13738.453247097348	-13642.333951020508	-96.11929607684091	9.226406194229677E-4
28100000	-13731.569149105433	-13643.140067810436	-88.42908129499703	0.0015880697004604844
28150000	-13744.110394206185	-13641.803272411189	-102.30712179499731	6.458109783318894E-4
28200000	-13740.576386704135	-13641.834601857134	-98.7417848470008	8.076580605294661E-4
28250000	-13737.173119071136	-13641.298402550923	-95.87471652021256	9.365197698800749E-4
28300000	-13742.016570562355	-13646.25937368937	-95.75719687298461	9.494060048034834E-4
28350000	-13735.586678706062	-13641.133301912296	-94.45337679376613	0.001031404831788238
28400000	-13731.144706005683	-13639.310286285427	-91.83441972025761	0.001174514311770309
28450000	-13750.255336565308	-13652.556652383275	-97.69868418203282	8.331689531913171E-4
28500000	-13747.294493592855	-13643.989892436655	-103.30460115619964	6.241144474096528E-4
28550000	-13741.84784436676	-13644.5189964988	-97.32884786795928	8.515735564992637E-4
28600000	-13737.464392333313	-13644.268575492644	-93.19581684066945	0.0010483743194584277
28650000	-13744.778966592934	-13641.61696005154	-103.16200654139334	6.332673582875259E-4
28700000	-13740.848469377184	-13639.262555189174	-101.58591418800941	7.050790152849364E-4
28750000	-13740.593620282969	-13640.220575221036	-100.37304506193249	7.25768164952391E-4
28800000	-13743.649011489262	-13645.383823741227	-98.26518774803468	7.938706220182379E-4
28850000	-13743.881587215044	-13645.82962626784	-98.05196094720576	8.582249559049712E-4
28900000	-13735.476251182006	-13641.15049530501	-94.3257558769964	0.0010142300760236137
28950000	-13732.013653317403	-13641.324750488398	-90.68890282900419	0.0013152308985898088
29000000	-13745.444452569762	-13646.614383438417	-98.83006913134443	7.945499245185594E-4
29050000	-13749.93218834951	-13644.82840936739	-105.10377898212022	5.830470432535107E-4
29100000	-13735.01835560036	-13645.032854546242	-89.98550105411798	0.0013050208365905157
29150000	-13750.282813617912	-13646.8994414537	-103.38337216421249	6.515281030869334E-4
29200000	-13744.676143002527	-13647.176022865988	-97.50012013653964	8.56016173412297E-4
29250000	-13742.58778943526	-13644.02056071873	-98.56722871652909	7.98481532915709E-4
29300000	-13730.704706856242	-13641.021304799357	-89.68340205688526	0.0013720668983827464
29350000	-13742.22570635366	-13646.019147340969	-96.20655901269174	9.086373345813538E-4
29400000	-13737.75587628576	-13642.084627471966	-95.67124881379493	9.487848718680523E-4
29450000	-13747.53869740646	-13645.763684266662	-101.77501313979893	7.23304170621674E-4
29500000	-13743.283772101486	-13643.734066660554	-99.54970544093231	7.58256853014644E-4
29550000	-13729.953894787443	-13638.082809725951	-91.87108506149248	0.0012185791351896178
29600000	-13743.285955854799	-13647.35071184769	-95.93524400710817	9.489910154724318E-4
29650000	-13738.952542142382	-13640.726546513188	-98.22599562919395	7.996278396956219E-4
29700000	-13746.676482056191	-13648.571680844312	-98.10480121187918	8.063502703529658E-4
29750000	-13743.374971091505	-13639.202745115985	-104.1722259755208	6.222341196850281E-4
29800000	-13738.521428230079	-13643.581323435968	-94.94010479411028	9.94634925932978E-4
29850000	-13744.797909588387	-13647.338066806726	-97.45984278166269	8.101496824472925E-4
29900000	-13739.661108974415	-13646.569524200466	-93.09158477394847	0.001130320817572674
29950000	-13739.524712801713	-13641.340158199639	-98.18455460207387	8.194067451486223E-4
30000000	-13736.68887356439	-13640.766861058473	-95.92201250591654	8.976653182096963E-4
30050000	-13744.962377109263	-13644.549300534714	-100.41307657454853	7.120017709656036E-4
30100000	-13745.893185989524	-13644.486430192874	-101.40675579665049	7.100975160000996E-4
30150000	-13737.612315129682	-13643.770008468444	-93.84230666123688	0.001086584205668979
30200000	-13736.697905195168	-13640.604010689083	-96.0938945060838	9.246852014478578E-4
30250000	-13735.286981403338	-13642.676900924678	-92.61008047865954	0.001091330704987939
30300000	-13741.995391045824	-13640.511957345854	-101.483433699971	6.991351543272297E-4
30350000	-13738.832334379555	-13641.492431509134	-97.33990287041998	8.74759511070705E-4
30400000	-13740.227075802119	-13640.448669438163	-99.77840636395484	7.398292673522376E-4
30450000	-13733.362813663445	-13638.85793648429	-94.5048771791551	0.001005429680250007
30500000	-13741.86935469678	-13645.49947055622	-96.36988414056069	9.342458473825878E-4
30550000	-13746.780266414167	-13643.20077357734	-103.57949283682694	6.247254426179941E-4
30600000	-13747.841239009967	-13648.097465309544	-99.74377370042457	7.977270348098906E-4
30650000	-13740.22822888147	-13643.15481063496	-97.073418246509	8.837947482530736E-4
30700000	-13741.747862293669	-13647.362729449203	-94.3851328444648	0.0010208171858389918
30750000	-13733.196314908922	-13639.31583714531	-93.88047776361252	0.0010670053793084288
30800000	-13731.522975787879	-13642.028510118244	-89.49446566963533	0.0014382788545617329
30850000	-13747.847199692102	-13650.303357784418	-97.54384190768327	8.408025417029622E-4
30900000	-13742.704475785842	-13644.454829072874	-98.24964671296689	8.427954675730805E-4
30950000	-13746.36234124983	-13646.148066732367	-100.21427451746327	7.741873567465429E-4
31000000	-13746.546567662032	-13646.300754179123	-100.2458134829093	7.19053915560443E-4
31050000	-13742.852518084273	-13646.002692068418	-96.8498260158553	8.803156808701185E-4
31100000	-13745.99692340042	-13641.978471428698	-104.01845197172254	6.510253443266427E-4
31150000	-13739.913868225593	-13649.050788309734	-90.86307991585748	0.001280702458494871
31200000	-13738.747152120572	-13645.126489802518	-93.6206623180537	0.001074465363208623
31250000	-13748.747901833216	-13644.896626240845	-103.85127559237202	6.489314045317146E-4
31300000	-13742.849081371478	-13644.507447353359	-98.34163401811868	7.899224813748972E-4
31350000	-13734.024163477321	-13643.31614239225	-90.70802108507013	0.0013407519877771227
31400000	-13750.669829905963	-13652.023232137204	-98.64659776875794	7.749362528733773E-4
31450000	-13751.129764127065	-13651.434661315321	-99.69510281174351	7.682091804751766E-4
31500000	-13735.630419735266	-13642.23036519572	-93.40005453954488	0.0010665920927159743
31550000	-13745.054820537438	-13642.751234961455	-102.30358557598333	6.91838680369726E-4
31600000	-13731.158277317887	-13641.180583276533	-89.97769404135411	0.0013878321412415814
31650000	-13739.588595364043	-13645.566097620453	-94.02249774358917	0.0010015750768548582
31700000	-13753.043269582722	-13641.620986739703	-111.42228284301908	4.51787602555703E-4
31750000	-13738.941580840883	-13644.374766336588	-94.56681450429413	9.885200446473263E-4
31800000	-13742.228756334136	-13643.300098365866	-98.92865796826977	7.306377260767169E-4
31850000	-13740.49810201947	-13642.266801219745	-98.2313007997256	8.459639051276331E-4
31900000	-13744.609879636371	-13645.740465274446	-98.86941436192582	8.006136489301452E-4
31950000	-13737.84141892952	-13642.96437274351	-94.87704618600995	9.984898393991545E-4
32000000	-13739.391680401395	-13648.01412228857	-91.37755811282406	0.001255943153912392
32050000	-13740.865382775206	-13641.682283381113	-99.18309939409228	7.597935338938793E-4
32100000	-13740.194110690118	-13643.822706299994	-96.3714043901233	9.066888085862789E-4
32150000	-13740.302734461236	-13640.909180447667	-99.39355401357047	7.62016143794947E-4
32200000	-13738.752333683407	-13643.564415636107	-95.18791804730071	9.693764944583262E-4
32250000	-13744.726429307791	-13638.310928339408	-106.41550096838299	5.61436577764133E-4
32300000	-13738.670769193688	-13640.41257792213	-98.25819127155694	8.00892383609262E-4
32350000	-13741.983118736263	-13646.111231596251	-95.87188714001203	9.434250764996815E-4
32400000	-13750.577081062995	-13650.493680107276	-100.08340095571802	7.028714346956945E-4
32450000	-13738.58488058273	-13641.457806346045	-97.1270742366848	9.026817358729796E-4
32500000	-13745.564275733032	-13642.875998529878	-102.68827720315316	6.5289808489459E-4
32550000	-13728.256648651282	-13637.629052951057	-90.62759570022588	0.001306039130231586
32600000	-13739.808420563726	-13640.469634015846	-99.33878654787998	7.782084111525137E-4
32650000	-13743.345449368064	-13642.467345366458	-100.87810400160525	7.102866311905179E-4
32700000	-13730.427746416422	-13641.987800844408	-88.43994557201428	0.001547941676506509
32750000	-13750.77918157286	-13641.508430387039	-109.27075118582135	5.073604231036188E-4
32800000	-13742.40131624928	-13644.792156426221	-97.60915982305757	8.669928042104896E-4
32850000	-13734.840853491443	-13643.827899837814	-91.01295365363053	0.0012892368824309875
32900000	-13737.516268420097	-13640.058564724965	-97.45770369513205	8.381320720506204E-4
32950000	-13747.10502792246	-13643.985155931518	-103.11987199094209	6.408326979137721E-4
33000000	-13738.524353246985	-13638.420478212976	-100.10387503400904	7.402644834400156E-4
33050000	-13743.196397564476	-13645.387537674334	-97.80885989014129	8.574517207089118E-4
33100000	-13741.447793310223	-13641.3647876884	-100.08300562182207	7.357515644213651E-4
33150000	-13753.056710351098	-13645.844947494063	-107.21176285703625	5.540021793213082E-4
33200000	-13746.357245742116	-13640.981201608734	-105.37604413338138	6.126529326320597E-4
33250000	-13731.826633360046	-13639.236951801922	-92.58968155812308	0.0011041068659802442
33300000	-13739.22437624194	-13645.53169937983	-93.69267686211023	0.0010890809070555067
33350000	-13749.060736351617	-13647.345088472515	-101.71564787910162	6.636853036669176E-4
33400000	-13736.923336975533	-13641.980093385597	-94.94324358993538	9.582244843054312E-4
33450000	-13738.202918615962	-13642.519767308098	-95.68315130786247	9.814234730848774E-4
33500000	-13750.737749778118	-13650.130656369241	-100.60709340887637	7.29618984713236E-4
33550000	-13736.965002693441	-13644.575428079099	-92.38957461434327	0.0011883243319401246
33600000	-13739.66570141499	-13641.476774359868	-98.18892705512263	7.897622575758496E-4
33650000	-13739.734180605308	-13639.79498986433	-99.9391907409797	7.416299656230924E-4
33700000	-13744.347529052575	-13643.62800995836	-100.71951909421443	7.389882955507201E-4
33750000	-13744.846357095255	-13644.952852633145	-99.8935044621098	7.324741997889025E-4
33800000	-13742.848308947117	-13642.827324498758	-100.02098444835954	7.709031672777005E-4
33850000	-13730.868340404513	-13638.324200367835	-92.54414003667753	0.001132048462244975
33900000	-13730.172059368839	-13639.624889619898	-90.54716974894048	0.001345019905623635
33950000	-13732.228662371637	-13638.57966851965	-93.64899385198716	0.0010648077962296483
34000000	-13740.408909030353	-13645.149623813853	-95.25928521649944	0.0010006605307679324
34050000	-13745.576254322437	-13643.795510983171	-101.7807433392662	6.734102216088936E-4
34100000	-13749.93267665019	-13656.011145986095	-93.92153066409709	9.626095297606723E-4
34150000	-13745.185299709767	-13641.934265694465	-103.25103401530274	6.394371744374966E-4
34200000	-13739.31601704004	-13641.473626402845	-97.84239063719541	8.17370216135333E-4
34250000	-13736.598073398382	-13646.34939287103	-90.24868052735044	0.0012971429580984112
34300000	-13743.604286304175	-13644.912898369652	-98.69138793452254	7.775124235220755E-4
34350000	-13741.16900077493	-13642.232854924385	-98.9361458505448	7.865465429680213E-4
34400000	-13735.442933838429	-13642.420830129035	-93.02210370939356	0.0010530109174766134
34450000	-13740.352089849028	-13640.734288009018	-99.61780184000946	7.745678836117508E-4
34500000	-13746.98693463626	-13640.207500504934	-106.77943413132562	5.474890536109408E-4
34550000	-13751.63492173971	-13644.997542585532	-106.6373791541771	5.320882933562374E-4
34600000	-13736.452137282735	-13639.281024153137	-97.17111312959761	8.499722497783577E-4
34650000	-13747.958231219476	-13643.88994782685	-104.06828339262557	6.311005718369055E-4
34700000	-13747.478331742754	-13642.9236732619	-104.55465848085427	6.160371536269465E-4
34750000	-13738.271648345019	-13643.966137566453	-94.30551077856612	0.001044159721131841
34800000	-13733.363988982393	-13642.03357347852	-91.33041550387301	0.0012204416640841506
34850000	-13742.689498213125	-13645.42428043625	-97.26521777687555	8.357001165705439E-4
34900000	-13736.826907758768	-13643.958446349601	-92.86846140916636	0.0011298783146540608
34950000	-13747.541120421622	-13642.382007885615	-105.15911253600588	5.698910178941953E-4
35000000	-13738.999063375582	-13642.838993797122	-96.16006957845929	9.189158233542047E-4
35050000	-13736.505294647566	-13642.53333905116	-93.97195559640517	0.0010490875935503818
35100000	-13745.733717772657	-13646.74905086915	-98.984666903506	7.515721654439032E-4
35150000	-13740.21252281917	-13645.721629744696	-94.49089307447488	0.0010078025804368153
35200000	-13743.007091618456	-13642.875465848469	-100.1316257699876	7.60829926149479E-4
35250000	-13743.575961720802	-13642.878202452011	-100.6977592687904	7.455820260962781E-4
35300000	-13750.048041066631	-13645.245642331054	-104.80239873557683	5.832791267493221E-4
35350000	-13733.117901043835	-13643.261014532649	-89.85688651118568	0.001426800240527083
35400000	-13733.036415296847	-13640.698298102156	-92.33811719469094	0.0011387824341806583
35450000	-13740.14338676128	-13641.747978603007	-98.39540815827316	8.364475900457964E-4
35500000	-13738.162920625613	-13642.658003877947	-95.50491674766623	9.435526045084361E-4
35550000	-13746.017507931125	-13647.226604294348	-98.7909036367765	7.842720887265362E-4
35600000	-13748.207949480782	-13646.64397199437	-101.56397748641209	7.096662654418271E-4
35650000	-13742.797016162012	-13644.404830530235	-98.39218563177671	8.155696042049873E-4
35700000	-13742.674540796648	-13644.030928940536	-98.64361185611277	7.826895468287054E-4
35750000	-13739.398358765458	-13641.273359872597	-98.12499889286097	7.99414450082806E-4
35800000	-13725.499321859448	-13639.835351304162	-85.66397055528675	0.0019961617897165606
35850000	-13738.468283179354	-13645.31068630534	-93.1575968740139	0.0010884703433277415
35900000	-13732.583807267401	-13640.484204663884	-92.09960260351644	0.0012082719278074228
35950000	-13744.520510401107	-13644.985808986652	-99.53470141445624	7.879783979872043E-4
36000000	-13746.780366346076	-13647.474781606166	-99.30558473991084	7.381589345010426E-4
36050000	-13735.562759565248	-13640.55943527658	-95.0033242886682	0.001009500994736934
36100000	-13749.87923535531	-13648.291110495722	-101.58812485958802	7.090711229570902E-4
36150000	-13738.916500141113	-13643.292210782838	-95.62428935827475	9.58853474396142E-4
36200000	-13738.106529179757	-13642.91047749745	-95.19605168230665	9.573091288413107E-4
36250000	-13742.559345723992	-13646.459785156056	-96.09956056793627	8.849986150936181E-4
36300000	-13746.489982108067	-13646.674834715386	-99.81514739268155	7.41211703943092E-4
36350000	-13733.110379390277	-13642.955676187374	-90.15470320290243	0.0013685940634339307
36400000	-13735.78845842982	-13646.973234924262	-88.81522350555797	0.001519396949170216
36450000	-13735.626066519386	-13637.538338074906	-98.0877284444792	8.215430371552961E-4
36500000	-13738.816006633071	-13647.744463780597	-91.07154285247388	0.0012382194124247114
36550000	-13736.861922732476	-13638.200009465942	-98.6619132665347	7.765768731167263E-4
36600000	-13752.299415781323	-13644.082879426425	-108.21653635489814	5.158778874368177E-4
36650000	-13739.379303704314	-13641.096802819176	-98.28250088513748	7.924028506273198E-4
36700000	-13742.337600231485	-13641.655750705733	-100.68184952575184	7.160012963911356E-4
36750000	-13739.756138433007	-13642.348622232677	-97.40751620032923	8.220617272485159E-4
36800000	-13742.678464306822	-13639.831524213561	-102.84694009326121	6.314033965936108E-4
36850000	-13746.764585740471	-13646.550459460312	-100.21412628015898	7.217798849527934E-4
36900000	-13744.704771672776	-13639.174166642379	-105.53060503039742	5.953058104693338E-4
36950000	-13745.026870294549	-13643.25293786428	-101.77393243026984	6.974655919572395E-4
37000000	-13736.86030347128	-13646.074755267664	-90.78554820361575	0.0013109690127205585
37050000	-13737.89456643698	-13642.47519892411	-95.41936751286973	9.736534057151335E-4
37100000	-13748.494340893143	-13646.5808009777	-101.9135399154437	6.522298603913978E-4
37150000	-13738.703193424923	-13643.884421456649	-94.81877196827388	9.74163381017781E-4
37200000	-13738.120601153247	-13643.241848198062	-94.87875295518376	9.499457203816078E-4
37250000	-13740.479846776074	-13642.47929685504	-98.0005499210352	8.218017115622245E-4
37300000	-13737.444890576773	-13640.075940023698	-97.36895055307508	8.563493244674577E-4
37350000	-13737.292931894128	-13645.114649734047	-92.17828216008016	0.0011669384394814603
37400000	-13751.145112546461	-13650.506482172874	-100.6386303735875	7.557549104288526E-4
37450000	-13742.635249599154	-13642.17624722027	-100.45900237888382	7.247642895763871E-4
37500000	-13747.445069059815	-13642.43225516087	-105.01281389894547	6.123599857542945E-4
37550000	-13735.675013066328	-13642.740906538262	-92.93410652806621	0.0011273692577889296
37600000	-13751.968287951911	-13641.345910062739	-110.62237788917281	4.8502571345900226E-4
37650000	-13737.129818509306	-13641.051133111825	-96.07868539748137	9.390797887843508E-4
37700000	-13730.596733199869	-13640.874776717093	-89.72195648277554	0.001423629084868384
37750000	-13744.697421506924	-13645.872469462212	-98.82495204471181	7.906966751804885E-4
37800000	-13746.004929366494	-13648.881320436516	-97.1236089299776	8.906217274811344E-4
37850000	-13742.274588591417	-13643.603141693542	-98.67144689787567	8.096976838046321E-4
37900000	-13744.723898512928	-13639.112648905544	-105.6112496073831	5.583723983842878E-4
37950000	-13742.132933034893	-13645.51377249435	-96.6191605405429	9.433270983030691E-4
38000000	-13739.730499847381	-13641.197061783596	-98.53343806378467	8.083722055648908E-4
38050000	-13744.22829088423	-13639.768711497978	-104.45957938625139	6.178511323231044E-4
38100000	-13751.17308104281	-13646.419528052917	-104.75355298989496	6.244011259428707E-4
38150000	-13743.928312580894	-13645.171489442797	-98.75682313809789	8.03629512045407E-4
38200000	-13747.252650761324	-13645.955405343846	-101.29724541747785	6.89117886295445E-4
38250000	-13737.31360843733	-13642.420185400859	-94.89342303647038	9.752766502661215E-4
38300000	-13739.297085974704	-13643.26148134499	-96.0356046297123	9.311872276036446E-4
38350000	-13740.27972650931	-13645.229268170404	-95.05045833890739	0.0010092807174994253
38400000	-13734.275205606164	-13643.104744919101	-91.17046068706244	0.0012765095018603906
38450000	-13735.911197141471	-13638.174004485214	-97.73719265625755	8.272658309054708E-4
38500000	-13751.496840548087	-13648.42642454704	-103.07041600104611	6.223463097159212E-4
38550000	-13737.006105023782	-13644.25604779315	-92.75005723063205	0.0011050795673908367
38600000	-13744.517374737303	-13642.78925959655	-101.72811514075282	6.638188810026627E-4
38650000	-13743.528541659363	-13640.374947434047	-103.15359422531536	6.523680505299941E-4
38700000	-13736.888673294523	-13638.593685110096	-98.29498818442721	8.231266184234991E-4
38750000	-13738.348287470955	-13639.141609361053	-99.20667810990224	7.533259796681757E-4
38800000	-13743.06020041144	-13641.241104368935	-101.81909604250617	6.727745768983697E-4
38850000	-13734.334124691626	-13642.613940945954	-91.72018374567183	0.0012516627032152022
38900000	-13742.801677614128	-13644.221505656898	-98.58017195722981	8.37116950456136E-4
38950000	-13738.81622794385	-13641.29629470328	-97.51993324056934	8.757575740770043E-4
39000000	-13731.151978682143	-13643.14499790105	-88.00698078109194	0.0016023104906193895
39050000	-13736.114147408727	-13642.76153815303	-93.35260925569615	0.0011033256834769045
39100000	-13741.80274471728	-13645.995136636964	-95.80760808031599	9.85355708795966E-4
39150000	-13744.071624705035	-13647.483161744725	-96.5884629603106	8.554200240349423E-4
39200000	-13738.759523574723	-13640.51107593172	-98.24844764300332	8.070861267059351E-4
39250000	-13742.042450993844	-13644.314823909315	-97.72762708452794	8.42271398175057E-4
39300000	-13743.775938378265	-13650.365606045016	-93.4103323332491	0.001029815268680126
39350000	-13753.235597639321	-13648.763849861018	-104.47174777830332	6.222315066558892E-4
39400000	-13736.913645988558	-13640.349998657637	-96.56364733092067	8.861254257515955E-4
39450000	-13741.00671290967	-13645.917535940069	-95.0891769696003	9.61294474430068E-4
39500000	-13746.460042306357	-13643.104709499172	-103.35533280718558	6.466558041589506E-4
39550000	-13749.383063187755	-13643.553405137289	-105.82965805046675	5.808064724715115E-4
39600000	-13737.236326139775	-13645.17524464172	-92.0610814980564	0.001155626714132091
39650000	-13740.928526927517	-13644.027884787842	-96.90064213967509	8.310115335220551E-4
39700000	-13731.65932559957	-13639.995734551934	-91.66359104763649	0.0012338842243308104
39750000	-13745.649597072552	-13642.234512196213	-103.41508487633921	6.440550340571648E-4
39800000	-13747.436108613401	-13644.158328761005	-103.27777985239663	6.319894519933463E-4
39850000	-13737.070715997204	-13645.334077183114	-91.73663881409014	0.0012607403060439547
39900000	-13742.980865522895	-13645.212561141085	-97.76830438181065	8.544260323776076E-4
39950000	-13752.619469347528	-13648.875761129017	-103.74370821851082	6.574914526928488E-4
40000000	-13738.688285361843	-13640.753338026445	-97.93494733539825	8.269298083337795E-4
40050000	-13739.264208553212	-13644.395349307006	-94.86885924620597	9.528840169477343E-4
40100000	-13725.825331254635	-13637.156155462468	-88.66917579216802	0.0015269339762028478
40150000	-13742.63323545631	-13651.366505519234	-91.26672993707571	0.0012631728393854107
40200000	-13745.088871731186	-13642.37649286571	-102.71237886547695	6.455366011962817E-4
40250000	-13735.522625716767	-13645.160790892656	-90.36183482411093	0.0013528662506629373
40300000	-13743.185616440363	-13644.461896215204	-98.72372022515928	7.698012713985333E-4
40350000	-13749.7039777952	-13642.934729230717	-106.76924856448132	5.453725275233026E-4
40400000	-13731.065040353835	-13640.040685972712	-91.02435438112373	0.0012779702158677
40450000	-13744.076301701225	-13640.406060304425	-103.67024139680032	6.05187267755385E-4
40500000	-13735.00274668523	-13640.462574192106	-94.54017249312422	0.001011541145897722
40550000	-13749.583661023787	-13647.453336569557	-102.13032445423137	6.628305384840916E-4
40600000	-13739.633976523302	-13642.653955262664	-96.98002126063896	8.831441523272333E-4
40650000	-13740.712373368766	-13644.905316572836	-95.80705679592977	9.126423845403287E-4
40700000	-13748.538111759568	-13654.257260453403	-94.2808513061647	0.001072954744430482
40750000	-13752.099363465759	-13640.31146814103	-111.78789532472953	4.728084333165554E-4
40800000	-13736.884539504386	-13645.093956812507	-91.79058269188026	0.001130947675028497
40850000	-13735.933780709891	-13639.800479638845	-96.1333010710452	9.164185354365521E-4
40900000	-13737.1823224558	-13640.801478911755	-96.38084354404447	9.054260807177888E-4
40950000	-13744.099690687155	-13648.249511307415	-95.85017937974028	9.68296485311616E-4
41000000	-13740.525037434027	-13643.04880819468	-97.47622923934689	8.45037394523839E-4
41050000	-13752.56232685156	-13645.076722858637	-107.48560399292228	5.164723574458068E-4
41100000	-13730.334341384578	-13640.223194671667	-90.1111467129112	0.0013873850815285917
41150000	-13739.921501464412	-13642.015355921256	-97.9061455431563	8.283311267037157E-4
41200000	-13737.608709674207	-13645.819496569015	-91.78921310519245	0.0012659518319560338
41250000	-13743.019552657366	-13651.219561255728	-91.79999140163756	0.0011844726132382525
41300000	-13747.064961722845	-13645.227939545663	-101.83702217718199	6.735790033797201E-4
41350000	-13741.488419805139	-13648.098067483963	-93.39035232117595	0.0010714006318891952
41400000	-13735.869402953425	-13641.376615615784	-94.49278733764136	0.0010009041525191555
41450000	-13739.92344830947	-13646.533489923146	-93.38995838632479	0.0010688461631061475
41500000	-13752.754986379967	-13641.77035281997	-110.98463355999608	4.573777680533918E-4
41550000	-13739.033689697135	-13642.824600778074	-96.2090889190596	9.4494344819436E-4
41600000	-13729.579948347722	-13640.19980331125	-89.38014503647193	0.001490399871242138
41650000	-13740.323887311139	-13638.955173665448	-101.36871364569053	7.01422592710436E-4
41700000	-13742.598720604661	-13645.620230157689	-96.97849044697236	8.896651300171946E-4
41750000	-13752.613012034795	-13643.175276676533	-109.43773535826263	5.207412247507479E-4
41800000	-13741.790195440939	-13645.479441270412	-96.31075417052637	9.432402080294798E-4
41850000	-13741.30985458489	-13643.63867103087	-97.67118355401995	8.269761629117915E-4
41900000	-13730.69222596396	-13637.603392537872	-93.088833426088	0.0010807142499050446
41950000	-13749.215628027705	-13646.853980951348	-102.36164707635704	6.625548164553608E-4
42000000	-13748.424244728943	-13642.112960507231	-106.31128422171304	5.611679340582587E-4
42050000	-13751.329050678452	-13643.501708041513	-107.82734263693966	5.156181483734189E-4
42100000	-13742.660166711279	-13644.950537520148	-97.70962919113083	8.66999473907423E-4
42150000	-13747.472974204793	-13647.237111619876	-100.23586258491653	7.371764307745184E-4
42200000	-13733.668215629526	-13644.07406060479	-89.59415502473638	0.0014130073512819195
42250000	-13738.21882725076	-13637.93353715241	-100.2852900983495	7.275340632459552E-4
42300000	-13738.269331635756	-13639.684494407697	-98.58483722805921	7.95089253669462E-4
42350000	-13740.37619736097	-13645.153592392777	-95.22260496819455	9.744309778545976E-4
42400000	-13731.76313390902	-13641.64754236132	-90.11559154770075	0.0013957099071001404
42450000	-13739.124762818865	-13645.392252453932	-93.73251036493228	0.001020473756843254
42500000	-13740.979253753465	-13642.281086185738	-98.6981675677265	7.92351745390759E-4
42550000	-13736.135617630573	-13649.19553932641	-86.9400783041614	0.0017409307553906221
42600000	-13746.970908423278	-13642.60893134575	-104.36197707752709	6.261511629649935E-4
42650000	-13740.027119947472	-13641.084832160963	-98.94228778650987	8.003153032364724E-4
42700000	-13732.997128673667	-13642.238727809514	-90.7584008641531	0.0013349277552684197
42750000	-13737.012185918027	-13641.118577657522	-95.89360826050502	9.448570639808534E-4
42800000	-13752.233231044082	-13647.73899363977	-104.49423740431156	5.864961223831381E-4
42850000	-13730.914680693368	-13639.241828240934	-91.67285245243288	0.0012080908531030261
42900000	-13745.70350777574	-13644.095012467684	-101.60849530805564	6.82464327021408E-4
42950000	-13740.62295656798	-13645.101201736412	-95.52175483156797	8.99313804765416E-4
43000000	-13745.338101338912	-13646.819496132612	-98.51860520630086	8.040409884682913E-4
43050000	-13738.396411657399	-13643.674982091905	-94.72142956549459	9.641951138329378E-4
43100000	-13745.089084164536	-13646.126010854206	-98.96307331032864	7.26110208691026E-4
43150000	-13736.20506478579	-13641.114629986256	-95.09043479953426	9.786463113436283E-4
43200000	-13739.18276189837	-13641.596500576574	-97.58626132179629	8.454685972363902E-4
43250000	-13751.476236527124	-13641.725833305503	-109.75040322161962	4.976776116309536E-4
43300000	-13737.83114524789	-13640.402455435777	-97.42868981211289	8.585993998371984E-4
43350000	-13733.500040151563	-13643.971567125454	-89.52847302610796	0.001380734432742678
43400000	-13750.629343732475	-13649.960709902676	-100.6686338297987	7.062502422382572E-4
43450000	-13740.440472260472	-13645.510956630133	-94.92951563033895	9.869464702570636E-4
43500000	-13742.735418081907	-13647.269465684465	-95.4659523974418	9.591973345279408E-4
43550000	-13733.973117295554	-13644.596012733788	-89.37710456176765	0.0014348133401809132
43600000	-13739.5071626637	-13643.783999316038	-95.72316334766153	9.43436926724771E-4
43650000	-13737.641558621386	-13643.809963232516	-93.83159538887068	0.001012576674061735
43700000	-13739.354175177945	-13642.944002981127	-96.41017219681727	9.009567238679998E-4
43750000	-13732.89170372042	-13643.791473056588	-89.10023066383137	0.0014101926346975911
43800000	-13738.722091870166	-13642.053121282102	-96.66897058806352	8.66763944405759E-4
43850000	-13737.401386420312	-13645.017758631951	-92.38362778835997	0.0011524720347392407
43900000	-13740.795338299911	-13646.786110312316	-94.00922798759575	0.0010598910587799755
43950000	-13735.920785721915	-13641.496237444659	-94.42454827725679	0.0010025504243895247
44000000	-13742.719805917837	-13639.187142833276	-103.53266308456065	6.49578352526262E-4
44050000	-13734.55998508324	-13640.116019379806	-94.44396570343538	9.838395684767113E-4
44100000	-13733.143879000134	-13643.133654548123	-90.01022445201048	0.0013191665547943893
44150000	-13735.950690752408	-13642.075385835033	-93.8753049173764	0.0010510716890294342
44200000	-13738.805223796986	-13643.658421161168	-95.14680263581735	9.920141436077041E-4
44250000	-13751.559939320456	-13647.867031224774	-103.69290809568156	6.357076598034484E-4
44300000	-13729.577978287009	-13641.134250631636	-88.44372765537317	0.0015531574056953997
44350000	-13749.092155811768	-13646.62689005754	-102.46526575422747	6.590664691670649E-4
44400000	-13736.35654541186	-13640.79223268685	-95.56431272500893	9.501018545164619E-4
44450000	-13732.363337634593	-13642.60907924313	-89.75425839146402	0.0013635524703367644
44500000	-13734.553706976802	-13644.432700195903	-90.12100678089902	0.001343007409548052
44550000	-13734.50389807175	-13638.387237918047	-96.11666015370467	9.111929681982201E-4
44600000	-13733.054667128732	-13639.151246929454	-93.90342019927893	0.0010593461785099601
44650000	-13735.8372972988	-13642.899974360258	-92.93732293854126	0.00112563628604413
44700000	-13736.013098093696	-13639.360655052873	-96.65244304082337	9.059952823141429E-4
44750000	-13753.766417535495	-13648.866186086752	-104.90023144874313	5.847729377287305E-4
44800000	-13745.763151619396	-13646.241548903197	-99.5216027161982	7.475540214357469E-4
44850000	-13739.535402208514	-13640.204362343065	-99.33103986544822	7.746147030284838E-4
44900000	-13739.65567272692	-13641.967707276279	-97.68796545064092	8.237812306372483E-4
44950000	-13745.734782941132	-13642.808246381868	-102.92653655926458	6.643506993854418E-4
45000000	-13737.500288282943	-13641.27188787108	-96.22840041186245	9.296650515012183E-4
45050000	-13746.809269212297	-13649.779959443527	-97.02930976876942	8.027578278669069E-4
45100000	-13739.096203042991	-13648.205157742428	-90.89104530056312	0.0012521760208498644
45150000	-13741.992925131955	-13649.094133016986	-92.89879211496847	0.001074391377375054
45200000	-13740.359895332287	-13645.439579497925	-94.92031583436265	9.416214462788427E-4
45250000	-13741.628582139596	-13642.070997286793	-99.55758485280292	7.730445339728657E-4
45300000	-13731.348145927546	-13639.61413198946	-91.73401393808733	0.0012200241795780559
45350000	-13731.523652170208	-13642.54914656758	-88.97450560262688	0.0014635865326366553
45400000	-13733.949618806542	-13641.01501424762	-92.93460455892345	0.0011518557687603295
45450000	-13742.013398056373	-13639.97468386257	-102.0387141938031	6.731214220491E-4
45500000	-13738.675313613203	-13644.213055147204	-94.46225846599943	0.001051002536571732
45550000	-13739.564914486384	-13639.072217455832	-100.49269703055104	7.257350653396836E-4
45600000	-13742.868111009993	-13649.553329662058	-93.31478134793475	0.0010646106115280724
45650000	-13731.043776986739	-13639.266638326337	-91.77713866040227	0.0011893630700193177
45700000	-13747.184372045958	-13644.30078892446	-102.8835831214974	6.666016056341485E-4
45750000	-13737.014608660738	-13640.525566805725	-96.48904185501264	8.943316773653595E-4
45800000	-13742.588489329952	-13645.200550588024	-97.3879387419278	8.098215265290705E-4
45850000	-13735.717288916243	-13645.072125008013	-90.64516390822949	0.0013303657473843747
45900000	-13750.117157816423	-13647.450636390244	-102.66652142617914	6.823751451714415E-4
45950000	-13744.881114054497	-13644.061589077523	-100.81952497697425	6.989020897862549E-4
46000000	-13735.622415718008	-13641.960364551167	-93.66205116684112	0.001091500261036312
46050000	-13739.40224920527	-13641.136102018787	-98.26614718648219	8.209635536480732E-4
46100000	-13745.601894848844	-13641.246971062566	-104.35492378627748	6.067111134044658E-4
46150000	-13741.78497171119	-13644.552325661982	-97.23264604920772	8.892191806725073E-4
46200000	-13742.501405513645	-13644.278859795335	-98.22254571831016	8.167936928058493E-4
46250000	-13742.753691963104	-13651.67251190936	-91.08118005374364	0.0012602230509548573
46300000	-13741.741358120713	-13646.702165835468	-95.03919228524478	9.212886989865883E-4
46350000	-13731.266793958663	-13639.693287999244	-91.5735059594186	0.001179710981044381
46400000	-13742.206305527436	-13642.328169202421	-99.87813632501543	7.378113643714037E-4
46450000	-13751.70592422655	-13643.481461655909	-108.22446257064101	4.964917578607538E-4
46500000	-13737.36823674783	-13640.188531297788	-97.17970545004187	8.736487336811383E-4
46550000	-13742.955698689131	-13641.206073723666	-101.74962496546573	6.733206732958853E-4
46600000	-13738.674538034593	-13643.48054759323	-95.19399044136249	9.890849454867931E-4
46650000	-13743.762303442092	-13645.485987359534	-98.27631608255751	7.888400886240757E-4
46700000	-13733.254304451037	-13639.890082292723	-93.36422215831489	0.0010775824682049712
46750000	-13738.649518943404	-13641.592445302298	-97.05707364110587	8.648593484289898E-4
46800000	-13743.766977995545	-13647.442711765027	-96.32426623051899	8.917043226260623E-4
46850000	-13747.512040481013	-13643.626689325423	-103.88535115558962	6.251951054109927E-4
46900000	-13748.296742132601	-13648.291958269998	-100.00478386260258	7.099428266471996E-4
46950000	-13736.667645978909	-13640.859425477172	-95.80822050173641	9.345081389969989E-4
47000000	-13742.053362978082	-13643.281822339648	-98.77154063843331	8.044030684725473E-4
47050000	-13733.887196481799	-13641.926857376815	-91.96033910498396	0.001146749023802215
47100000	-13731.986957498635	-13641.355625973092	-90.63133152554346	0.0012723614421099908
47150000	-13737.517590207162	-13644.405317158173	-93.11227304898911	0.0011216818306586341
47200000	-13735.117826032754	-13642.226109623814	-92.89171640893966	0.0010938609511874514
47250000	-13741.37220187691	-13645.115217755001	-96.25698412190857	8.845320096106191E-4
47300000	-13752.876541862983	-13650.610567984053	-102.26597387892994	6.492342807486886E-4
47350000	-13737.875215599677	-13642.122619768865	-95.75259583081208	9.666786753345591E-4
47400000	-13748.926821971845	-13642.38796575353	-106.53885621831424	5.370516996110104E-4
47450000	-13743.49037890857	-13646.787026539821	-96.70335236874692	8.872820422565816E-4
47500000	-13741.535721772445	-13643.8269503856	-97.70877138684438	8.35645172841679E-4
47550000	-13741.333634440905	-13644.985593560568	-96.34804088033647	8.952753773155019E-4
47600000	-13737.911149023716	-13642.106961344554	-95.80418767916208	8.89585775795796E-4
47650000	-13733.406590860128	-13640.112969022883	-93.29362183724561	0.0011135597197185958
47700000	-13732.026734356075	-13642.792559664695	-89.2341746913816	0.0013902910803503968
47750000	-13738.714700118133	-13644.05098169732	-94.66371842081143	9.7451854525918E-4
47800000	-13742.78144706735	-13642.419744300743	-100.36170276660557	7.690051731935624E-4
47850000	-13747.526119652497	-13647.11386374509	-100.41225590740761	6.979179791585684E-4
47900000	-13740.523796870542	-13640.199523654172	-100.3242732163706	7.381215997617056E-4
47950000	-13739.266433093073	-13643.174555195641	-96.09187789743211	9.693795974955089E-4
48000000	-13738.34120974183	-13643.501873689514	-94.83933605231505	9.594136454842978E-4
48050000	-13746.503878440142	-13645.380031931778	-101.12384650836448	7.032913733123692E-4
48100000	-13742.876148349345	-13648.216075344968	-94.66007300437727	0.0010434135313705211
48150000	-13738.006410635327	-13641.877560463543	-96.12885017178388	9.36893881264106E-4
48200000	-13745.545187753045	-13644.917720222455	-100.62746753059024	7.338265923352423E-4
48250000	-13749.680629840865	-13649.482030892521	-100.19859894834349	7.095237481496275E-4
48300000	-13741.177475008953	-13643.254368993385	-97.92310601556808	8.175333514675342E-4
48350000	-13735.673636618578	-13644.466895281774	-91.20674133680377	0.0012454456289652416
48400000	-13737.771872499168	-13640.363017875863	-97.4088546233048	8.481410307199775E-4
48450000	-13738.010318404475	-13646.010523770368	-91.99979463410563	0.0010983215881508073
48500000	-13732.022223688544	-13638.982033825934	-93.04018986260998	0.0011302906066891958
48550000	-13744.19152279736	-13642.231551157534	-101.95997163982577	6.812457173103803E-4
48600000	-13746.966399160438	-13652.662635479855	-94.30376368058162	0.0010235065520232298
48650000	-13751.880666171093	-13641.81612710171	-110.064539069382	4.938254293504701E-4
48700000	-13738.84074014529	-13646.535050363154	-92.30568978213547	0.001147947782481756
48750000	-13729.858904322278	-13639.387703907256	-90.47120041502313	0.001326943993089962
48800000	-13739.3322883868	-13641.24687041372	-98.08541797308028	8.021090080131909E-4
48850000	-13744.143136050283	-13641.76834176887	-102.3747942814138	6.740147684555767E-4
48900000	-13743.602457952762	-13644.039788758279	-99.56266919448343	7.59593531568804E-4
48950000	-13736.558851014941	-13640.7680280255	-95.7908229894394	9.339873964360379E-4
49000000	-13740.658076970592	-13641.84342022816	-98.8146567424322	7.805077789898448E-4
49050000	-13741.327383723206	-13646.649436889305	-94.67794683390136	9.90120831868505E-4
49100000	-13746.215623170885	-13644.748879135219	-101.46674403566686	6.763689604571642E-4
49150000	-13738.318061540762	-13645.513290827277	-92.80477071348508	0.0010620428537357655
49200000	-13735.931456912002	-13642.273999337078	-93.65745757492442	0.0010510387410252622
49250000	-13742.620416809033	-13640.370978462675	-102.24943834635873	6.648139119660863E-4
49300000	-13736.491623079464	-13641.096515004923	-95.39510807454036	9.202972404687101E-4
49350000	-13747.990518263668	-13651.822729657948	-96.16778860572076	9.368460691556775E-4
49400000	-13735.607884033978	-13647.575059826113	-88.03282420786468	0.0016215166587463252
49450000	-13736.309155893525	-13637.34081816358	-98.96833772994518	7.947137370126385E-4
49500000	-13734.493867615516	-13641.30684531141	-93.1870223041057	0.0010916549800883814
49550000	-13743.216049658884	-13644.136193065751	-99.07985659313346	8.054037693485497E-4
49600000	-13730.832635814786	-13637.489787205908	-93.34284860887801	0.0010902936571538103
49650000	-13744.447105954081	-13645.707011144745	-98.74009480933567	7.702330504048548E-4
49700000	-13736.60555243713	-13642.234359851604	-94.37119258552586	0.0010008446295342013
49750000	-13748.758660679265	-13644.568828374138	-104.18983230512694	6.176365356880438E-4
49800000	-13752.015887066475	-13648.820380524003	-103.19550654247095	6.314801647617364E-4
49850000	-13741.532385256376	-13643.254621319586	-98.2777639367898	8.178113958562178E-4
49900000	-13736.141357961284	-13640.824939511214	-95.31641845007003	9.246655874813631E-4
49950000	-13752.576115111004	-13649.004426082904	-103.57168902810044	6.110688865547689E-4
50000000	-13748.951794594888	-13649.005155341738	-99.94663925315068	7.417578370159783E-4
