TNT - max. ram = 2000 Mbytes 
No ram used yet 
Reading from supermatriz.tnt 
Matrices will be read as DNA data 
Matrix space: allocate for up to 8 states 
Matrix (2819x20, 8 states). Memory required for data: 1.44 Mbytes 
Again reading from try_ci.tnt 
Outgroup is taxon 17  -  Punica_granatum 
Space for 100 trees in memory 
 
WARNING: 
100 reps. with 10 trees each exceeds available treespace (100)
Search may have to be interrupted if tree-buffer is filled 
 
Repl. Algor.     Tree        Score       Best Score   Time       Rearrangs.
100   SPR        2 of 2      ------      1891         0:00:01    360,433       
Completed 100 random addition sequences.
Total rearrangements examined: 360,433. 
Best score hit 100 times out of 100.
Best score (TBR): 1891.  2 trees retained. 
Tree lengths 
 
             0      1 
                      
      0   1891   1891 
 
Minimum possible steps (total = 1325) 
 
             0      1      2      3      4      5      6      7      8      9 
                                                                              
      0      1      2      1      0      0      0      0      1      0      2 
     10      0      0      0      0      2      2      0      2      2      2 
     20      3      2      2      0      3      1      2      1      1      2 
     30      3      1      1      0      1      1      1      2      2      0 
     40      2      2      3      1      1      0      1      3      2      2 
     50      2      2      3      1      1      1      0      0      0      0 
     60      2      1      2      1      2      1      1      3      2      1 
     70      1      1      1      1      1      2      2      2      2      3 
     80      1      2      0      0      1      0      1      1      2      3 
     90      1      3      0      2      0      1      3      2      2      1 
    100      2      1      2      0      1      2      2      3      2      2 
    110      2      2      2      2      1      2      2      2      1      2 
    120      0      0      0      0      0      1      2      1      2      3 
    130      0      1      1      1      2      1      1      1      1      0 
    140      0      0      0      0      0      0      0      1      0      2 
    150      2      0      2      0      0      0      0      0      0      0 
    160      0      1      1      1      0      2      3      3      1      0 
    170      0      0      0      0      0      0      2      1      3      1 
    180      0      2      1      2      2      3      3      2      3      2 
    190      3      1      2      2      2      1      0      1      1      1 
    200      2      2      0      0      2      1      1      2      1      2 
    210      3      1      1      2      2      2      2      1      1      0 
    220      0      1      2      0      2      0      2      3      2      0 
    230      2      1      2      2      0      3      1      1      2      3 
    240      1      2      3      1      2      3      1      2      1      3 
    250      2      1      2      2      0      0      0      0      0      0 
    260      0      0      1      0      0      0      0      0      0      0 
    270      0      0      0      0      0      0      0      0      0      1 
    280      0      0      0      1      0      0      0      0      0      0 
    290      0      0      0      0      0      0      0      0      0      0 
    300      0      0      0      0      0      0      0      0      0      0 
    310      0      0      0      0      0      0      0      0      0      1 
    320      0      0      0      0      0      0      0      0      0      0 
    330      0      0      0      0      0      0      0      0      0      0 
    340      0      0      1      0      0      0      0      0      0      0 
    350      0      0      0      0      0      0      1      0      1      0 
    360      0      0      0      0      0      0      0      0      0      0 
    370      0      0      0      0      0      1      1      0      1      0 
    380      0      1      1      0      2      1      0      0      0      1 
    390      0      0      0      0      0      0      0      0      0      1 
    400      0      0      0      0      0      0      0      0      0      1 
    410      0      0      0      0      0      2      0      1      3      1 
    420      1      1      1      1      2      0      0      0      1      1 
    430      2      1      2      2      2      1      1      3      3      2 
    440      2      2      1      2      2      3      1      0      0      0 
    450      0      0      0      0      0      0      0      0      0      0 
    460      0      0      0      3      3      2      3      2      3      2 
    470      2      3      1      1      2      0      1      1      1      1 
    480      1      1      0      0      0      2      2      2      3      2 
    490      2      2      3      0      0      1      2      0      1      0 
    500      0      0      2      0      3      0      0      0      0      0 
    510      0      0      0      0      0      1      1      1      0      2 
    520      3      2      1      0      3      0      0      1      1      1 
    530      0      0      1      0      0      0      0      0      3      1 
    540      0      1      2      2      3      0      3      1      1      0 
    550      0      0      1      2      2      1      0      0      0      1 
    560      0      0      1      2      2      2      2      1      1      0 
    570      0      1      0      0      1      0      3      1      3      0 
    580      0      0      0      0      0      1      2      0      3      2 
    590      3      2      1      1      0      3      2      2      1      0 
    600      0      1      2      2      1      2      2      0      0      3 
    610      1      2      2      0      0      1      0      2      0      1 
    620      0      0      0      0      2      2      1      2      3      2 
    630      1      1      3      0      3      3      3      3      1      1 
    640      2      0      1      2      2      2      0      2      3      2 
    650      2      2      2      1      2      1      1      1      3      2 
    660      3      2      2      1      1      0      0      0      1      0 
    670      0      2      0      0      0      0      0      0      0      0 
    680      2      0      0      0      0      0      2      1      1      1 
    690      0      0      1      2      0      0      1      0      0      0 
    700      0      0      0      0      3      0      0      1      1      1 
    710      0      1      1      0      0      0      1      1      0      0 
    720      1      0      0      0      0      0      0      0      0      0 
    730      0      0      0      1      0      2      0      0      0      1 
    740      0      0      0      0      0      0      0      0      1      0 
    750      2      1      1      0      0      1      1      1      0      1 
    760      1      1      1      1      1      0      0      1      0      0 
    770      0      1      0      0      1      0      0      1      1      1 
    780      1      0      0      0      0      1      0      0      0      2 
    790      0      0      0      1      0      0      0      0      0      0 
    800      0      0      0      0      0      0      0      0      0      2 
    810      0      0      0      1      0      0      0      0      1      1 
    820      0      1      0      0      1      1      0      0      0      0 
    830      1      0      1      2      1      0      0      1      0      0 
    840      0      1      1      0      0      0      0      0      0      0 
    850      0      0      0      1      0      0      0      0      0      0 
    860      1      1      0      0      0      0      1      0      0      1 
    870      0      0      0      0      0      0      0      0      0      0 
    880      0      0      0      1      1      0      0      0      0      2 
    890      1      1      1      0      1      0      0      0      0      1 
    900      0      0      0      0      0      1      0      1      0      0 
    910      0      0      0      0      0      1      0      0      1      0 
    920      0      0      0      0      0      1      0      0      0      0 
    930      1      1      3      0      0      1      0      0      0      0 
    940      0      0      0      0      0      0      0      1      0      0 
    950      0      0      0      0      0      0      0      0      0      0 
    960      1      0      0      0      0      0      0      1      2      0 
    970      0      1      1      1      0      1      0      1      0      1 
    980      1      0      1      0      0      1      1      0      0      1 
    990      1      0      0      0      0      1      0      0      0      1 
   1000      0      0      0      0      1      1      0      1      1      0 
   1010      0      0      0      0      0      0      0      0      0      0 
   1020      2      0      1      1      0      0      1      0      0      0 
   1030      1      0      1      2      0      0      0      0      0      0 
   1040      0      0      0      0      1      0      0      0      0      2 
   1050      1      0      0      1      2      1      1      0      0      0 
   1060      0      0      0      0      0      0      1      1      1      0 
   1070      0      1      0      1      0      0      0      0      0      0 
   1080      0      0      2      0      0      0      0      1      0      0 
   1090      0      0      0      0      0      0      0      0      0      0 
   1100      0      0      0      0      0      0      0      0      1      0 
   1110      0      0      1      0      0      1      1      0      0      0 
   1120      0      0      2      0      0      0      0      0      0      0 
   1130      0      1      0      0      0      0      0      0      1      0 
   1140      0      0      0      0      1      0      0      0      1      0 
   1150      0      1      1      0      0      0      0      0      0      0 
   1160      0      0      0      0      0      0      0      0      0      0 
   1170      0      0      0      0      0      0      0      0      0      0 
   1180      2      1      0      0      0      0      0      0      0      0 
   1190      0      0      0      0      0      1      0      2      0      0 
   1200      0      0      0      0      0      0      0      0      0      0 
   1210      0      0      0      0      0      0      0      0      0      0 
   1220      0      0      0      0      1      0      0      0      0      0 
   1230      0      0      0      0      0      0      1      1      0      0 
   1240      0      0      0      0      0      1      0      0      0      0 
   1250      0      0      0      0      0      0      0      0      0      0 
   1260      0      0      0      0      0      0      0      0      0      0 
   1270      0      0      0      0      0      0      0      0      0      0 
   1280      0      0      0      0      0      0      0      0      0      0 
   1290      0      0      0      0      1      0      0      1      0      0 
   1300      0      0      0      0      0      0      0      0      0      0 
   1310      0      0      0      0      0      0      0      0      0      0 
   1320      0      0      0      0      0      0      0      0      1      1 
   1330      0      0      0      0      0      1      0      0      0      0 
   1340      0      0      0      0      2      1      0      0      0      0 
   1350      0      1      1      0      1      0      0      0      0      0 
   1360      0      1      0      0      0      0      0      0      0      0 
   1370      0      0      0      0      1      0      0      1      0      0 
   1380      0      0      0      0      1      0      1      1      1      1 
   1390      1      0      0      0      1      1      0      1      0      0 
   1400      0      1      0      1      0      0      0      0      0      0 
   1410      0      0      0      0      0      0      0      0      0      1 
   1420      0      0      0      0      0      0      0      0      0      0 
   1430      0      0      0      0      0      0      0      1      2      0 
   1440      0      0      0      0      0      0      0      0      0      0 
   1450      0      0      0      0      0      0      0      2      0      0 
   1460      0      0      0      0      0      0      0      0      0      0 
   1470      0      0      0      0      0      0      0      0      0      0 
   1480      0      0      0      0      0      0      0      0      0      0 
   1490      0      0      0      0      1      1      1      1      0      0 
   1500      0      0      0      2      0      0      0      0      0      1 
   1510      0      0      1      0      1      0      0      1      0      1 
   1520      1      0      0      0      0      0      0      0      0      0 
   1530      0      1      0      0      0      0      0      1      1      0 
   1540      0      0      0      0      0      0      0      0      0      0 
   1550      0      0      0      0      0      1      0      0      1      0 
   1560      0      0      0      1      0      0      0      0      0      0 
   1570      1      1      0      1      0      0      0      1      0      0 
   1580      0      0      1      0      0      0      0      0      0      0 
   1590      0      0      0      0      0      0      0      0      0      0 
   1600      0      0      0      0      0      0      0      0      0      1 
   1610      0      0      1      1      0      0      0      0      0      0 
   1620      1      1      0      0      0      0      0      0      0      0 
   1630      0      0      0      1      0      0      0      0      0      1 
   1640      0      0      0      1      0      0      0      0      0      0 
   1650      1      0      0      0      0      0      0      0      0      0 
   1660      0      1      0      0      0      0      0      1      1      0 
   1670      0      0      0      2      0      0      0      0      0      1 
   1680      0      0      0      0      0      0      0      0      0      0 
   1690      1      0      0      0      0      0      0      0      0      0 
   1700      0      0      0      0      0      0      0      0      0      0 
   1710      0      0      0      0      0      1      0      0      1      0 
   1720      0      0      0      0      1      0      0      0      0      0 
   1730      0      1      1      0      1      0      1      0      0      0 
   1740      1      0      1      0      1      0      0      0      0      0 
   1750      0      0      0      0      0      0      0      0      0      0 
   1760      0      0      0      1      1      1      0      0      0      0 
   1770      0      0      0      0      1      0      0      0      0      0 
   1780      0      0      0      1      0      0      1      0      0      1 
   1790      0      0      0      0      0      0      0      0      0      0 
   1800      0      0      0      0      0      0      0      0      0      0 
   1810      0      1      1      2      0      0      1      0      0      1 
   1820      0      0      0      0      0      0      0      0      0      0 
   1830      0      0      0      0      0      0      0      0      0      0 
   1840      2      0      0      1      0      0      0      0      0      0 
   1850      1      0      1      0      0      1      0      0      0      0 
   1860      0      1      0      0      1      0      0      0      0      0 
   1870      0      0      0      0      0      0      1      0      0      0 
   1880      0      0      1      0      0      0      0      0      1      0 
   1890      0      0      0      0      1      1      0      0      0      0 
   1900      1      0      0      1      1      0      0      0      0      0 
   1910      0      0      1      0      0      1      0      0      0      1 
   1920      0      0      0      0      0      0      0      0      0      0 
   1930      0      1      0      0      0      0      0      0      0      0 
   1940      0      0      1      0      0      1      0      0      0      0 
   1950      0      1      1      0      0      0      0      2      1      0 
   1960      1      0      0      0      0      0      0      0      0      0 
   1970      0      0      0      0      0      1      0      0      0      0 
   1980      0      0      0      0      0      0      0      0      0      0 
   1990      0      0      0      1      0      0      0      0      0      0 
   2000      0      0      0      0      0      1      0      0      0      0 
   2010      0      1      0      0      1      0      0      0      0      0 
   2020      0      0      0      0      0      0      1      0      0      0 
   2030      0      0      0      0      0      1      0      0      2      0 
   2040      0      1      0      0      0      0      0      0      0      0 
   2050      1      0      0      1      0      0      1      0      0      0 
   2060      0      0      0      1      0      0      0      0      1      0 
   2070      0      0      0      2      1      1      0      2      0      0 
   2080      1      1      0      0      0      0      0      0      0      1 
   2090      0      0      0      0      0      0      0      0      1      0 
   2100      0      2      0      0      0      0      0      1      0      0 
   2110      1      0      0      0      0      0      1      0      0      0 
   2120      0      0      1      0      0      0      0      0      0      0 
   2130      0      0      0      0      0      0      0      0      0      0 
   2140      0      0      0      1      0      0      1      0      0      1 
   2150      0      0      2      0      0      1      0      0      0      0 
   2160      0      0      0      0      0      0      0      0      0      0 
   2170      0      0      0      0      0      0      1      0      0      0 
   2180      0      0      0      0      0      1      0      0      0      0 
   2190      0      1      0      0      0      0      0      1      0      0 
   2200      0      0      0      1      0      0      0      0      0      0 
   2210      0      0      2      1      0      0      0      0      0      0 
   2220      0      0      0      0      0      0      0      1      1      0 
   2230      0      0      0      0      2      1      0      1      0      0 
   2240      1      0      1      2      0      1      1      2      0      2 
   2250      1      1      1      0      1      0      0      0      0      0 
   2260      0      0      0      0      0      0      0      1      0      0 
   2270      0      0      0      0      0      1      0      1      1      1 
   2280      1      0      0      0      0      1      0      0      1      0 
   2290      0      0      0      0      0      0      1      0      1      0 
   2300      1      0      1      0      1      0      0      1      2      0 
   2310      1      1      0      1      1      0      0      1      1      1 
   2320      1      0      0      0      1      1      0      1      0      0 
   2330      1      0      0      0      0      1      0      0      0      0 
   2340      0      1      1      0      0      1      0      0      2      0 
   2350      1      1      1      0      0      1      2      2      1      2 
   2360      0      0      0      0      0      0      0      0      0      0 
   2370      0      0      0      0      0      0      0      0      0      0 
   2380      1      0      0      1      1      0      1      1      0      1 
   2390      2      0      1      1      1      1      0      1      2      0 
   2400      1      1      0      0      1      1      0      1      0      1 
   2410      0      1      0      0      1      1      1      1      1      0 
   2420      0      0      0      0      1      0      1      0      0      1 
   2430      1      1      1      1      1      0      0      0      1      0 
   2440      0      2      1      0      0      0      1      0      0      1 
   2450      1      0      0      0      0      0      0      2      0      0 
   2460      1      1      0      2      1      1      1      2      1      0 
   2470      0      1      1      0      0      0      0      0      0      0 
   2480      0      0      0      1      0      2      0      1      0      0 
   2490      1      1      2      2      2      1      2      0      2      2 
   2500      1      2      0      0      0      0      0      1      1      2 
   2510      1      0      0      1      0      1      2      2      0      1 
   2520      2      2      2      0      1      1      1      1      1      3 
   2530      2      1      0      0      1      2      1      1      0      1 
   2540      0      1      0      2      1      2      1      2      1      2 
   2550      1      1      1      0      1      1      1      0      1      2 
   2560      1      0      1      2      2      3      1      0      0      0 
   2570      2      1      0      0      1      1      0      1      0      2 
   2580      2      1      1      1      0      0      1      0      0      0 
   2590      0      0      1      0      0      1      0      0      0      0 
   2600      1      2      1      1      1      0      2      1      1      0 
   2610      2      1      1      0      0      1      1      1      1      2 
   2620      2      2      0      1      1      1      1      0      0      0 
   2630      0      0      0      0      0      0      0      0      1      1 
   2640      2      2      2      0      1      0      0      0      2      1 
   2650      1      0      1      3      1      0      0      0      0      1 
   2660      1      1      1      0      0      0      1      1      0      2 
   2670      1      0      0      0      0      0      0      0      0      0 
   2680      0      1      0      1      2      1      1      0      0      0 
   2690      0      0      0      0      0      0      0      0      0      0 
   2700      0      0      0      0      0      1      0      0      0      0 
   2710      0      1      2      2      1      0      0      0      0      1 
   2720      0      0      1      0      0      0      0      0      0      0 
   2730      0      0      0      0      0      2      1      0      1      2 
   2740      1      1      0      0      1      1      1      1      1      1 
   2750      1      1      1      1      1      1      1      1      2      0 
   2760      1      0      1      1      1      1      1      1      2      1 
   2770      1      1      1      1      3      1      1      1      0      0 
   2780      2      2      0      0      2      0      1      0      0      0 
   2790      0      1      0      0      0      0      1      1      0      0 
   2800      1      1      0      0      0      0      1      0      0      1 
   2810      1      1      2      1      1      2      0      0      0 
 
Maximum possible steps (total = 3079) 
 
             0      1      2      3      4      5      6      7      8      9 
                                                                              
      0      1      4      1      0      0      0      0      2      0      2 
     10      0      0      0      0      3      4      0      4      4      4 
     20      8      5      4      0      6      2      6      7      3      8 
     30      4      1      1      0      5      6      3      4      2      0 
     40      2      2      4      1      1      0      1      4      4      6 
     50      6      7      6      1      2      7      0      0      0      0 
     60      8      1      8      1      3      1      6      9      6      1 
     70      2      3      2      6      5      9      3      2      3      6 
     80      1      2      0      0      2      0      1      6      3      8 
     90      2      5      0      5      0      1      9      5      6      1 
    100      5      4      7      0      1      2      7      8      4      3 
    110      4      4      6      4      4      8      4      2      4      4 
    120      0      0      0      0      0      1     11      6      5      8 
    130      0      1      1      3      6      1      1      1      2      0 
    140      0      0      0      0      0      0      0      3      0      5 
    150      7      0      4      0      0      0      0      0      0      0 
    160      0      1      4      1      0      7      7      4      1      0 
    170      0      0      0      0      0      0      8      8      7      2 
    180      0      5      3      4      7      9      4      3      9      2 
    190      3      1      4      4      5      1      0      1      1      1 
    200      2      4      0      0      4      3      3      6      6      6 
    210      5      3      4      2      9      2      6      2      4      0 
    220      0      4      4      0      3      0      6     11      6      0 
    230      6      2      3      4      0     10      8      5      7      3 
    240      3      4      5      2      3      3      1      5      1     11 
    250      6      2      6      3      0      0      0      0      0      0 
    260      0      0      1      0      0      0      0      0      0      0 
    270      0      0      0      0      0      0      0      0      0      1 
    280      0      0      0      1      0      0      0      0      0      0 
    290      0      0      0      0      0      0      0      0      0      0 
    300      0      0      0      0      0      0      0      0      0      0 
    310      0      0      0      0      0      0      0      0      0      1 
    320      0      0      0      0      0      0      0      0      0      0 
    330      0      0      0      0      0      0      0      0      0      0 
    340      0      0      1      0      0      0      0      0      0      0 
    350      0      0      0      0      0      0      1      0      1      0 
    360      0      0      0      0      0      0      0      0      0      0 
    370      0      0      0      0      0      1      1      0      1      0 
    380      0      2      1      0      5      7      0      0      0      6 
    390      0      0      0      0      0      0      0      0      0      5 
    400      0      0      0      0      0      0      0      0      0      1 
    410      0      0      0      0      0     10      0      1      5      1 
    420      3      5      3      4      6      0      0      0      7      1 
    430      3      1      3      6      9      1      1      7      7      9 
    440      9      2      1      2      7      9      3      0      0      0 
    450      0      0      0      0      0      0      0      0      0      0 
    460      0      0      0     11      6      3      5      6      9      7 
    470      2     10      1      1      9      0      2      1      2      1 
    480      1      1      0      0      0      5     10      2      4      2 
    490      5      8      8      0      0      7      6      0      1      0 
    500      0      0      3      0     10      0      0      0      0      0 
    510      0      0      0      0      0      5      1      7      0      2 
    520     10      5      3      0      7      0      0      4      7      1 
    530      0      0      4      0      0      0      0      0      3      1 
    540      0      1     11      7      6      0      5      5      1      0 
    550      0      0      1      5      8      3      0      0      0      5 
    560      0      0      5      4      5      4      3      1      4      0 
    570      0      4      0      0      2      0      8      4      5      0 
    580      0      0      0      0      0      1      8      0     11      8 
    590     10     10      1      1      0      7      9      5      1      0 
    600      0      1     11     10      9      9      4      0      0      3 
    610      4     10      5      0      0      1      0      5      0      8 
    620      0      0      0      0      8      3      1      8     10      6 
    630      3      4      6      0     11     10     10     14      2      2 
    640      4      0      6      6      9      5      0      5      3      8 
    650      5      3      4      5      5      1      1      3      7      6 
    660     12      3      9      6      4      0      0      0      4      0 
    670      0      2      0      0      0      0      0      0      0      0 
    680     11      0      0      0      0      0      7      1      7      1 
    690      0      0      1      2      0      0      1      0      0      0 
    700      0      0      0      0      7      0      0      2      1      1 
    710      0      1      1      0      0      0      1      4      0      0 
    720      1      0      0      0      0      0      0      0      0      0 
    730      0      0      0      1      0      2      0      0      0      1 
    740      0      0      0      0      0      0      0      0      4      0 
    750      4      2      1      0      0      4      3      4      0      1 
    760      4      4      4      7      4      0      0      2      0      0 
    770      0      1      0      0      5      0      0      1      1      2 
    780      7      0      0      0      0      4      0      0      0      5 
    790      0      0      0      1      0      0      0      0      0      0 
    800      0      0      0      0      0      0      0      0      0      5 
    810      0      0      0      3      0      0      0      0      1      1 
    820      0      1      0      0      7      2      0      0      0      0 
    830      4      0      1      3      5      0      0      3      0      0 
    840      0      4      4      0      0      0      0      0      0      0 
    850      0      0      0      1      0      0      0      0      0      0 
    860      2      2      0      0      0      0      1      0      0      1 
    870      0      0      0      0      0      0      0      0      0      0 
    880      0      0      0      1      1      0      0      0      0      3 
    890      1      1      2      0      4      0      0      0      0      1 
    900      0      0      0      0      0      3      0      1      0      0 
    910      0      0      0      0      0      4      0      0      4      0 
    920      0      0      0      0      0      2      0      0      0      0 
    930      6      1      5      0      0      1      0      0      0      0 
    940      0      0      0      0      0      0      0      4      0      0 
    950      0      0      0      0      0      0      0      0      0      0 
    960      4      0      0      0      0      0      0      5      4      0 
    970      0      3      2      4      0      4      0      1      0      4 
    980      1      0      4      0      0      5      1      0      0      1 
    990      1      0      0      0      0      4      0      0      0      2 
   1000      0      0      0      0      4      4      0      2      2      0 
   1010      0      0      0      0      0      0      0      0      0      0 
   1020      3      0      1      1      0      0      4      0      0      0 
   1030      4      0      1      2      0      0      0      0      0      0 
   1040      0      0      0      0      4      0      0      0      0      5 
   1050      1      0      0      1      2      7      1      0      0      0 
   1060      0      0      0      0      0      0      1      5      1      0 
   1070      0      6      0      4      0      0      0      0      0      0 
   1080      0      0      4      0      0      0      0      4      0      0 
   1090      0      0      0      0      0      0      0      0      0      0 
   1100      0      0      0      0      0      0      0      0      4      0 
   1110      0      0      4      0      0      2      2      0      0      0 
   1120      0      0      5      0      0      0      0      0      0      0 
   1130      0      7      0      0      0      0      0      0      1      0 
   1140      0      0      0      0      1      0      0      0      6      0 
   1150      0      3      1      0      0      0      0      0      0      0 
   1160      0      0      0      0      0      0      0      0      0      0 
   1170      0      0      0      0      0      0      0      0      0      0 
   1180      2      2      0      0      0      0      0      0      0      0 
   1190      0      0      0      0      0      1      0      2      0      0 
   1200      0      0      0      0      0      0      0      0      0      0 
   1210      0      0      0      0      0      0      0      0      0      0 
   1220      0      0      0      0      1      0      0      0      0      0 
   1230      0      0      0      0      0      0      3      1      0      0 
   1240      0      0      0      0      0      1      0      0      0      0 
   1250      0      0      0      0      0      0      0      0      0      0 
   1260      0      0      0      0      0      0      0      0      0      0 
   1270      0      0      0      0      0      0      0      0      0      0 
   1280      0      0      0      0      0      0      0      0      0      0 
   1290      0      0      0      0      1      0      0      1      0      0 
   1300      0      0      0      0      0      0      0      0      0      0 
   1310      0      0      0      0      0      0      0      0      0      0 
   1320      0      0      0      0      0      0      0      0      1      2 
   1330      0      0      0      0      0      1      0      0      0      0 
   1340      0      0      0      0      2      1      0      0      0      0 
   1350      0      2      1      0      1      0      0      0      0      0 
   1360      0      1      0      0      0      0      0      0      0      0 
   1370      0      0      0      0      1      0      0      1      0      0 
   1380      0      0      0      0      2      0      1      1      1      1 
   1390      1      0      0      0      1      1      0      5      0      0 
   1400      0      1      0      1      0      0      0      0      0      0 
   1410      0      0      0      0      0      0      0      0      0      1 
   1420      0      0      0      0      0      0      0      0      0      0 
   1430      0      0      0      0      0      0      0      3      2      0 
   1440      0      0      0      0      0      0      0      0      0      0 
   1450      0      0      0      0      0      0      0      2      0      0 
   1460      0      0      0      0      0      0      0      0      0      0 
   1470      0      0      0      0      0      0      0      0      0      0 
   1480      0      0      0      0      0      0      0      0      0      0 
   1490      0      0      0      0      1      1      1      1      0      0 
   1500      0      0      0      2      0      0      0      0      0      1 
   1510      0      0      4      0      1      0      0      1      0      5 
   1520      1      0      0      0      0      0      0      0      0      0 
   1530      0      1      0      0      0      0      0      1      1      0 
   1540      0      0      0      0      0      0      0      0      0      0 
   1550      0      0      0      0      0      1      0      0      1      0 
   1560      0      0      0      1      0      0      0      0      0      0 
   1570      1      1      0      1      0      0      0      6      0      0 
   1580      0      0      1      0      0      0      0      0      0      0 
   1590      0      0      0      0      0      0      0      0      0      0 
   1600      0      0      0      0      0      0      0      0      0      1 
   1610      0      0      1      1      0      0      0      0      0      0 
   1620      1      1      0      0      0      0      0      0      0      0 
   1630      0      0      0      1      0      0      0      0      0      1 
   1640      0      0      0      1      0      0      0      0      0      0 
   1650      1      0      0      0      0      0      0      0      0      0 
   1660      0      1      0      0      0      0      0      1      1      0 
   1670      0      0      0      4      0      0      0      0      0      1 
   1680      0      0      0      0      0      0      0      0      0      0 
   1690      1      0      0      0      0      0      0      0      0      0 
   1700      0      0      0      0      0      0      0      0      0      0 
   1710      0      0      0      0      0      1      0      0      1      0 
   1720      0      0      0      0      1      0      0      0      0      0 
   1730      0      6      1      0      2      0      1      0      0      0 
   1740      2      0      1      0      1      0      0      0      0      0 
   1750      0      0      0      0      0      0      0      0      0      0 
   1760      0      0      0      1      1      1      0      0      0      0 
   1770      0      0      0      0      1      0      0      0      0      0 
   1780      0      0      0      1      0      0      1      0      0      2 
   1790      0      0      0      0      0      0      0      0      0      0 
   1800      0      0      0      0      0      0      0      0      0      0 
   1810      0      1      1      2      0      0      1      0      0      5 
   1820      0      0      0      0      0      0      0      0      0      0 
   1830      0      0      0      0      0      0      0      0      0      0 
   1840     11      0      0      3      0      0      0      0      0      0 
   1850      2      0      3      0      0      4      0      0      0      0 
   1860      0      1      0      0      1      0      0      0      0      0 
   1870      0      0      0      0      0      0      1      0      0      0 
   1880      0      0      4      0      0      0      0      0      1      0 
   1890      0      0      0      0      2      2      0      0      0      0 
   1900      1      0      0      1      2      0      0      0      0      0 
   1910      0      0      5      0      0      1      0      0      0      2 
   1920      0      0      0      0      0      0      0      0      0      0 
   1930      0      2      0      0      0      0      0      0      0      0 
   1940      0      0      1      0      0      5      0      0      0      0 
   1950      0      1      1      0      0      0      0      2      1      0 
   1960      3      0      0      0      0      0      0      0      0      0 
   1970      0      0      0      0      0      1      0      0      0      0 
   1980      0      0      0      0      0      0      0      0      0      0 
   1990      0      0      0      2      0      0      0      0      0      0 
   2000      0      0      0      0      0      1      0      0      0      0 
   2010      0      2      0      0      1      0      0      0      0      0 
   2020      0      0      0      0      0      0      1      0      0      0 
   2030      0      0      0      0      0      1      0      0      8      0 
   2040      0      2      0      0      0      0      0      0      0      0 
   2050      1      0      0      1      0      0      1      0      0      0 
   2060      0      0      0      3      0      0      0      0      4      0 
   2070      0      0      0      2      7      4      0      3      0      0 
   2080      1      1      0      0      0      0      0      0      0      3 
   2090      0      0      0      0      0      0      0      0      1      0 
   2100      0      5      0      0      0      0      0      5      0      0 
   2110      4      0      0      0      0      0      1      0      0      0 
   2120      0      0      1      0      0      0      0      0      0      0 
   2130      0      0      0      0      0      0      0      0      0      0 
   2140      0      0      0      1      0      0      9      0      0      7 
   2150      0      0      2      0      0      1      0      0      0      0 
   2160      0      0      0      0      0      0      0      0      0      0 
   2170      0      0      0      0      0      0      4      0      0      0 
   2180      0      0      0      0      0      3      0      0      0      0 
   2190      0      4      0      0      0      0      0      1      0      0 
   2200      0      0      0      2      0      0      0      0      0      0 
   2210      0      0      4      1      0      0      0      0      0      0 
   2220      0      0      0      0      0      0      0      1      2      0 
   2230      0      0      0      0      2      2      0      3      0      0 
   2240      2      0      1      3      0      1      1      2      0      2 
   2250      1      3      1      0      2      0      0      0      0      0 
   2260      0      0      0      0      0      0      0      1      0      0 
   2270      0      0      0      0      0      1      0      1      1      2 
   2280      1      0      0      0      0      1      0      0      1      0 
   2290      0      0      0      0      0      0      8      0      1      0 
   2300      4      0      5      0      1      0      0      1      8      0 
   2310      8      8      0      8      3      0      0      3      1      8 
   2320      6      0      0      0      1      1      0      7      0      0 
   2330      1      0      0      0      0      1      0      0      0      0 
   2340      0      2      1      0      0      1      0      0      2      0 
   2350      1      3      1      0      0      1      8      5      3      2 
   2360      0      0      0      0      0      0      0      0      0      0 
   2370      0      0      0      0      0      0      0      0      0      0 
   2380      1      0      0      1      1      0      1      2      0      1 
   2390      3      0      2      3      1      3      0      2      3      0 
   2400      1      1      0      0      1      1      0      1      0      1 
   2410      0      1      0      0      1      1      1      1      1      0 
   2420      0      0      0      0      1      0      1      0      0      3 
   2430      5      1      6      1      4      0      0      0      1      0 
   2440      0      3      1      0      0      0      6      0      0      2 
   2450      2      0      0      0      0      0      0      2      0      0 
   2460      1      2      0      2      3      1      5      4      1      0 
   2470      0      2      4      0      0      0      0      0      0      0 
   2480      0      0      0      1      0      2      0      1      0      0 
   2490      1      1      2      3      3      1      2      0      2      2 
   2500      1      2      0      0      0      0      0      1      3      2 
   2510      2      0      0      2      0      3      2      2      0      2 
   2520      4      3      7      0      4      2      4      3      4      8 
   2530      2      2      0      0      2      4      2      2      0      1 
   2540      0      3      0      3      2      3      2      3      3      3 
   2550      2      2      4      0      2      1      1      0      1      2 
   2560      2      0      1      3      4      3      6      0      0      0 
   2570      2      1      0      0      2      1      0      1      0      2 
   2580      2      1      1      1      0      0      1      0      0      0 
   2590      0      0      1      0      0      2      0      0      0      0 
   2600      1      2      1      1      1      0      2      1      1      0 
   2610      2      1      1      0      0      1      2      2      1      3 
   2620      2      2      0      1      3      1      6      0      0      0 
   2630      0      0      0      0      0      0      0      0      1      1 
   2640      3      6      3      0      2      0      0      0      4      6 
   2650      2      0      1      4      2      0      0      0      0      3 
   2660      2      1      1      0      0      0      1      1      0      2 
   2670      1      0      0      0      0      0      0      0      0      0 
   2680      0      7      0      7      7      7      7      0      0      0 
   2690      0      0      0      0      0      0      0      0      0      0 
   2700      0      0      0      0      0      1      0      0      0      0 
   2710      0      3      3      5      2      0      0      0      0      1 
   2720      0      0      2      0      0      0      0      0      0      0 
   2730      0      0      0      0      0      7      4      0      4      7 
   2740      7      4      0      0      4      1      1      1      2      1 
   2750      1      2      1      1      2      3      3      3      6      0 
   2760      3      0      3      3      3      3      6      3      4      5 
   2770      1      3      1      3      9      8      6      6      0      0 
   2780     11      9      0      0      6      0      3      0      0      0 
   2790      0      2      0      0      0      0      1      3      0      0 
   2800      1      1      0      0      0      0      1      0      0      3 
   2810      1      2      4      3      3      4      0      0      0 
 
